Determining if the function crc32c_value exists in the crc32c failed with the following output:
Change Dir: /home/jeff-wang/WorkloadAnalysis/hotdb/build/CMakeFiles/CMakeTmp

Run Build Command(s):/usr/bin/gmake -f Makefile cmTC_7e74c/fast && /usr/bin/gmake  -f CMakeFiles/cmTC_7e74c.dir/build.make CMakeFiles/cmTC_7e74c.dir/build
gmake[1]: Entering directory '/home/jeff-wang/WorkloadAnalysis/hotdb/build/CMakeFiles/CMakeTmp'
Building C object CMakeFiles/cmTC_7e74c.dir/CheckFunctionExists.c.o
/usr/bin/gcc   -DCHECK_FUNCTION_EXISTS=crc32c_value -std=c11 -o CMakeFiles/cmTC_7e74c.dir/CheckFunctionExists.c.o -c /usr/share/cmake-3.22/Modules/CheckFunctionExists.c
Linking C executable cmTC_7e74c
/usr/bin/cmake -E cmake_link_script CMakeFiles/cmTC_7e74c.dir/link.txt --verbose=1
/usr/bin/gcc  -DCHECK_FUNCTION_EXISTS=crc32c_value CMakeFiles/cmTC_7e74c.dir/CheckFunctionExists.c.o -o cmTC_7e74c  -lcrc32c 
/usr/bin/ld: cannot find -lcrc32c: No such file or directory
collect2: error: ld returned 1 exit status
gmake[1]: *** [CMakeFiles/cmTC_7e74c.dir/build.make:99: cmTC_7e74c] Error 1
gmake[1]: Leaving directory '/home/jeff-wang/WorkloadAnalysis/hotdb/build/CMakeFiles/CMakeTmp'
gmake: *** [Makefile:127: cmTC_7e74c/fast] Error 2



Determining if the function snappy_compress exists in the snappy failed with the following output:
Change Dir: /home/jeff-wang/WorkloadAnalysis/hotdb/build/CMakeFiles/CMakeTmp

Run Build Command(s):/usr/bin/gmake -f Makefile cmTC_5e592/fast && /usr/bin/gmake  -f CMakeFiles/cmTC_5e592.dir/build.make CMakeFiles/cmTC_5e592.dir/build
gmake[1]: Entering directory '/home/jeff-wang/WorkloadAnalysis/hotdb/build/CMakeFiles/CMakeTmp'
Building C object CMakeFiles/cmTC_5e592.dir/CheckFunctionExists.c.o
/usr/bin/gcc   -DCHECK_FUNCTION_EXISTS=snappy_compress -std=c11 -o CMakeFiles/cmTC_5e592.dir/CheckFunctionExists.c.o -c /usr/share/cmake-3.22/Modules/CheckFunctionExists.c
Linking C executable cmTC_5e592
/usr/bin/cmake -E cmake_link_script CMakeFiles/cmTC_5e592.dir/link.txt --verbose=1
/usr/bin/gcc  -DCHECK_FUNCTION_EXISTS=snappy_compress CMakeFiles/cmTC_5e592.dir/CheckFunctionExists.c.o -o cmTC_5e592  -lsnappy 
/usr/bin/ld: cannot find -lsnappy: No such file or directory
collect2: error: ld returned 1 exit status
gmake[1]: *** [CMakeFiles/cmTC_5e592.dir/build.make:99: cmTC_5e592] Error 1
gmake[1]: Leaving directory '/home/jeff-wang/WorkloadAnalysis/hotdb/build/CMakeFiles/CMakeTmp'
gmake: *** [Makefile:127: cmTC_5e592/fast] Error 2



Determining if the function zstd_compress exists in the zstd failed with the following output:
Change Dir: /home/jeff-wang/WorkloadAnalysis/hotdb/build/CMakeFiles/CMakeTmp

Run Build Command(s):/usr/bin/gmake -f Makefile cmTC_a85cc/fast && /usr/bin/gmake  -f CMakeFiles/cmTC_a85cc.dir/build.make CMakeFiles/cmTC_a85cc.dir/build
gmake[1]: Entering directory '/home/jeff-wang/WorkloadAnalysis/hotdb/build/CMakeFiles/CMakeTmp'
Building C object CMakeFiles/cmTC_a85cc.dir/CheckFunctionExists.c.o
/usr/bin/gcc   -DCHECK_FUNCTION_EXISTS=zstd_compress -std=c11 -o CMakeFiles/cmTC_a85cc.dir/CheckFunctionExists.c.o -c /usr/share/cmake-3.22/Modules/CheckFunctionExists.c
Linking C executable cmTC_a85cc
/usr/bin/cmake -E cmake_link_script CMakeFiles/cmTC_a85cc.dir/link.txt --verbose=1
/usr/bin/gcc  -DCHECK_FUNCTION_EXISTS=zstd_compress CMakeFiles/cmTC_a85cc.dir/CheckFunctionExists.c.o -o cmTC_a85cc  -lzstd 
/usr/bin/ld: cannot find -lzstd: No such file or directory
collect2: error: ld returned 1 exit status
gmake[1]: *** [CMakeFiles/cmTC_a85cc.dir/build.make:99: cmTC_a85cc] Error 1
gmake[1]: Leaving directory '/home/jeff-wang/WorkloadAnalysis/hotdb/build/CMakeFiles/CMakeTmp'
gmake: *** [Makefile:127: cmTC_a85cc/fast] Error 2



Determining if the function malloc exists in the tcmalloc failed with the following output:
Change Dir: /home/jeff-wang/WorkloadAnalysis/hotdb/build/CMakeFiles/CMakeTmp

Run Build Command(s):/usr/bin/gmake -f Makefile cmTC_99ed5/fast && /usr/bin/gmake  -f CMakeFiles/cmTC_99ed5.dir/build.make CMakeFiles/cmTC_99ed5.dir/build
gmake[1]: Entering directory '/home/jeff-wang/WorkloadAnalysis/hotdb/build/CMakeFiles/CMakeTmp'
Building C object CMakeFiles/cmTC_99ed5.dir/CheckFunctionExists.c.o
/usr/bin/gcc   -DCHECK_FUNCTION_EXISTS=malloc -std=c11 -o CMakeFiles/cmTC_99ed5.dir/CheckFunctionExists.c.o -c /usr/share/cmake-3.22/Modules/CheckFunctionExists.c
<command-line>: warning: conflicting types for built-in function ‘malloc’; expected ‘void *(long unsigned int)’ [-Wbuiltin-declaration-mismatch]
/usr/share/cmake-3.22/Modules/CheckFunctionExists.c:7:3: note: in expansion of macro ‘CHECK_FUNCTION_EXISTS’
    7 |   CHECK_FUNCTION_EXISTS(void);
      |   ^~~~~~~~~~~~~~~~~~~~~
/usr/share/cmake-3.22/Modules/CheckFunctionExists.c:1:1: note: ‘malloc’ is declared in header ‘<stdlib.h>’
  +++ |+#include <stdlib.h>
    1 | #ifdef CHECK_FUNCTION_EXISTS
Linking C executable cmTC_99ed5
/usr/bin/cmake -E cmake_link_script CMakeFiles/cmTC_99ed5.dir/link.txt --verbose=1
/usr/bin/gcc  -DCHECK_FUNCTION_EXISTS=malloc CMakeFiles/cmTC_99ed5.dir/CheckFunctionExists.c.o -o cmTC_99ed5  -ltcmalloc 
/usr/bin/ld: cannot find -ltcmalloc: No such file or directory
collect2: error: ld returned 1 exit status
gmake[1]: *** [CMakeFiles/cmTC_99ed5.dir/build.make:99: cmTC_99ed5] Error 1
gmake[1]: Leaving directory '/home/jeff-wang/WorkloadAnalysis/hotdb/build/CMakeFiles/CMakeTmp'
gmake: *** [Makefile:127: cmTC_99ed5/fast] Error 2



Determining if the F_FULLFSYNC exist failed with the following output:
Change Dir: /home/jeff-wang/WorkloadAnalysis/hotdb/build/CMakeFiles/CMakeTmp

Run Build Command(s):/usr/bin/gmake -f Makefile cmTC_dd541/fast && /usr/bin/gmake  -f CMakeFiles/cmTC_dd541.dir/build.make CMakeFiles/cmTC_dd541.dir/build
gmake[1]: Entering directory '/home/jeff-wang/WorkloadAnalysis/hotdb/build/CMakeFiles/CMakeTmp'
Building CXX object CMakeFiles/cmTC_dd541.dir/CheckSymbolExists.cxx.o
/usr/bin/g++   -std=c++11 -o CMakeFiles/cmTC_dd541.dir/CheckSymbolExists.cxx.o -c /home/jeff-wang/WorkloadAnalysis/hotdb/build/CMakeFiles/CMakeTmp/CheckSymbolExists.cxx
/home/jeff-wang/WorkloadAnalysis/hotdb/build/CMakeFiles/CMakeTmp/CheckSymbolExists.cxx: In function ‘int main(int, char**)’:
/home/jeff-wang/WorkloadAnalysis/hotdb/build/CMakeFiles/CMakeTmp/CheckSymbolExists.cxx:8:19: error: ‘F_FULLFSYNC’ was not declared in this scope
    8 |   return ((int*)(&F_FULLFSYNC))[argc];
      |                   ^~~~~~~~~~~
gmake[1]: *** [CMakeFiles/cmTC_dd541.dir/build.make:78: CMakeFiles/cmTC_dd541.dir/CheckSymbolExists.cxx.o] Error 1
gmake[1]: Leaving directory '/home/jeff-wang/WorkloadAnalysis/hotdb/build/CMakeFiles/CMakeTmp'
gmake: *** [Makefile:127: cmTC_dd541/fast] Error 2


File /home/jeff-wang/WorkloadAnalysis/hotdb/build/CMakeFiles/CMakeTmp/CheckSymbolExists.cxx:
/* */
#include <fcntl.h>

int main(int argc, char** argv)
{
  (void)argv;
#ifndef F_FULLFSYNC
  return ((int*)(&F_FULLFSYNC))[argc];
#else
  (void)argc;
  return 0;
#endif
}
Performing C++ SOURCE FILE Test HAVE_CLANG_THREAD_SAFETY failed with the following output:
Change Dir: /home/jeff-wang/WorkloadAnalysis/hotdb/build/CMakeFiles/CMakeTmp

Run Build Command(s):/usr/bin/gmake -f Makefile cmTC_77ffb/fast && /usr/bin/gmake  -f CMakeFiles/cmTC_77ffb.dir/build.make CMakeFiles/cmTC_77ffb.dir/build
gmake[1]: Entering directory '/home/jeff-wang/WorkloadAnalysis/hotdb/build/CMakeFiles/CMakeTmp'
Building CXX object CMakeFiles/cmTC_77ffb.dir/src.cxx.o
/usr/bin/g++ -DHAVE_CLANG_THREAD_SAFETY  -fno-exceptions -fno-rtti    -Wthread-safety -std=c++11 -o CMakeFiles/cmTC_77ffb.dir/src.cxx.o -c /home/jeff-wang/WorkloadAnalysis/hotdb/build/CMakeFiles/CMakeTmp/src.cxx
g++: error: unrecognized command-line option '-Wthread-safety'
gmake[1]: *** [CMakeFiles/cmTC_77ffb.dir/build.make:78: CMakeFiles/cmTC_77ffb.dir/src.cxx.o] Error 1
gmake[1]: Leaving directory '/home/jeff-wang/WorkloadAnalysis/hotdb/build/CMakeFiles/CMakeTmp'
gmake: *** [Makefile:127: cmTC_77ffb/fast] Error 2


Source file was:
int main() { return 0; }
Performing C++ SOURCE FILE Test HAVE_CXX_FLAG_WSHORTEN_64_TO_32 failed with the following output:
Change Dir: /home/jeff-wang/WorkloadAnalysis/hotdb/build/CMakeFiles/CMakeTmp

Run Build Command(s):/usr/bin/gmake -f Makefile cmTC_2aa08/fast && /usr/bin/gmake  -f CMakeFiles/cmTC_2aa08.dir/build.make CMakeFiles/cmTC_2aa08.dir/build
gmake[1]: Entering directory '/home/jeff-wang/WorkloadAnalysis/hotdb/build/CMakeFiles/CMakeTmp'
Building CXX object CMakeFiles/cmTC_2aa08.dir/src.cxx.o
/usr/bin/g++ -DHAVE_CXX_FLAG_WSHORTEN_64_TO_32  -fno-exceptions -fno-rtti  -Wall  -Wextra  -Wshadow  -Wfloat-equal  -Werror  -Wsuggest-override  -pedantic  -pedantic-errors  -Wshorten-64-to-32   -Wshorten-64-to-32 -std=c++11 -o CMakeFiles/cmTC_2aa08.dir/src.cxx.o -c /home/jeff-wang/WorkloadAnalysis/hotdb/build/CMakeFiles/CMakeTmp/src.cxx
g++: error: unrecognized command-line option '-Wshorten-64-to-32'
g++: error: unrecognized command-line option '-Wshorten-64-to-32'
gmake[1]: *** [CMakeFiles/cmTC_2aa08.dir/build.make:78: CMakeFiles/cmTC_2aa08.dir/src.cxx.o] Error 1
gmake[1]: Leaving directory '/home/jeff-wang/WorkloadAnalysis/hotdb/build/CMakeFiles/CMakeTmp'
gmake: *** [Makefile:127: cmTC_2aa08/fast] Error 2


Source file was:
int main() { return 0; }
Performing C++ SOURCE FILE Test HAVE_CXX_FLAG_WD654 failed with the following output:
Change Dir: /home/jeff-wang/WorkloadAnalysis/hotdb/build/CMakeFiles/CMakeTmp

Run Build Command(s):/usr/bin/gmake -f Makefile cmTC_00756/fast && /usr/bin/gmake  -f CMakeFiles/cmTC_00756.dir/build.make CMakeFiles/cmTC_00756.dir/build
gmake[1]: Entering directory '/home/jeff-wang/WorkloadAnalysis/hotdb/build/CMakeFiles/CMakeTmp'
Building CXX object CMakeFiles/cmTC_00756.dir/src.cxx.o
/usr/bin/g++ -DHAVE_CXX_FLAG_WD654  -fno-exceptions -fno-rtti  -Wall  -Wextra  -Wshadow  -Wfloat-equal  -Werror  -Wsuggest-override  -pedantic  -pedantic-errors  -fstrict-aliasing  -Wno-deprecated-declarations  -Wno-deprecated  -fno-exceptions  -Wstrict-aliasing  -wd654   -wd654 -std=c++11 -o CMakeFiles/cmTC_00756.dir/src.cxx.o -c /home/jeff-wang/WorkloadAnalysis/hotdb/build/CMakeFiles/CMakeTmp/src.cxx
g++: error: unrecognized command-line option '-wd654'
g++: error: unrecognized command-line option '-wd654'
gmake[1]: *** [CMakeFiles/cmTC_00756.dir/build.make:78: CMakeFiles/cmTC_00756.dir/src.cxx.o] Error 1
gmake[1]: Leaving directory '/home/jeff-wang/WorkloadAnalysis/hotdb/build/CMakeFiles/CMakeTmp'
gmake: *** [Makefile:127: cmTC_00756/fast] Error 2


Source file was:
int main() { return 0; }
Performing C++ SOURCE FILE Test HAVE_CXX_FLAG_WTHREAD_SAFETY failed with the following output:
Change Dir: /home/jeff-wang/WorkloadAnalysis/hotdb/build/CMakeFiles/CMakeTmp

Run Build Command(s):/usr/bin/gmake -f Makefile cmTC_a2b21/fast && /usr/bin/gmake  -f CMakeFiles/cmTC_a2b21.dir/build.make CMakeFiles/cmTC_a2b21.dir/build
gmake[1]: Entering directory '/home/jeff-wang/WorkloadAnalysis/hotdb/build/CMakeFiles/CMakeTmp'
Building CXX object CMakeFiles/cmTC_a2b21.dir/src.cxx.o
/usr/bin/g++ -DHAVE_CXX_FLAG_WTHREAD_SAFETY  -fno-exceptions -fno-rtti  -Wall  -Wextra  -Wshadow  -Wfloat-equal  -Werror  -Wsuggest-override  -pedantic  -pedantic-errors  -fstrict-aliasing  -Wno-deprecated-declarations  -Wno-deprecated  -fno-exceptions  -Wstrict-aliasing  -Wthread-safety   -Wthread-safety -std=c++11 -o CMakeFiles/cmTC_a2b21.dir/src.cxx.o -c /home/jeff-wang/WorkloadAnalysis/hotdb/build/CMakeFiles/CMakeTmp/src.cxx
g++: error: unrecognized command-line option '-Wthread-safety'
g++: error: unrecognized command-line option '-Wthread-safety'
gmake[1]: *** [CMakeFiles/cmTC_a2b21.dir/build.make:78: CMakeFiles/cmTC_a2b21.dir/src.cxx.o] Error 1
gmake[1]: Leaving directory '/home/jeff-wang/WorkloadAnalysis/hotdb/build/CMakeFiles/CMakeTmp'
gmake: *** [Makefile:127: cmTC_a2b21/fast] Error 2


Source file was:
int main() { return 0; }
Performing C++ SOURCE FILE Test HAVE_KYOTOCABINET failed with the following output:
Change Dir: /home/jeff-wang/WorkloadAnalysis/hotdb/build/CMakeFiles/CMakeTmp

Run Build Command(s):/usr/bin/gmake -f Makefile cmTC_50dff/fast && /usr/bin/gmake  -f CMakeFiles/cmTC_50dff.dir/build.make CMakeFiles/cmTC_50dff.dir/build
gmake[1]: Entering directory '/home/jeff-wang/WorkloadAnalysis/hotdb/build/CMakeFiles/CMakeTmp'
Building CXX object CMakeFiles/cmTC_50dff.dir/src.cxx.o
/usr/bin/g++ -DHAVE_KYOTOCABINET  -fno-exceptions -fno-rtti  -std=c++11 -o CMakeFiles/cmTC_50dff.dir/src.cxx.o -c /home/jeff-wang/WorkloadAnalysis/hotdb/build/CMakeFiles/CMakeTmp/src.cxx
/home/jeff-wang/WorkloadAnalysis/hotdb/build/CMakeFiles/CMakeTmp/src.cxx:2:10: fatal error: kcpolydb.h: No such file or directory
    2 | #include <kcpolydb.h>
      |          ^~~~~~~~~~~~
compilation terminated.
gmake[1]: *** [CMakeFiles/cmTC_50dff.dir/build.make:78: CMakeFiles/cmTC_50dff.dir/src.cxx.o] Error 1
gmake[1]: Leaving directory '/home/jeff-wang/WorkloadAnalysis/hotdb/build/CMakeFiles/CMakeTmp'
gmake: *** [Makefile:127: cmTC_50dff/fast] Error 2


Source file was:

#include <kcpolydb.h>

int main() {
  kyotocabinet::TreeDB* db = new kyotocabinet::TreeDB();
  delete db;
  return 0;
}
  
