Determining if the function crc32c_value exists in the crc32c failed with the following output:
Change Dir: /home/jeff-wang/WorkloadAnalysis/comparedDBs/leveldb/release/CMakeFiles/CMakeTmp

Run Build Command(s):/usr/bin/gmake -f Makefile cmTC_9f466/fast && /usr/bin/gmake  -f CMakeFiles/cmTC_9f466.dir/build.make CMakeFiles/cmTC_9f466.dir/build
gmake[1]: Entering directory '/home/jeff-wang/WorkloadAnalysis/comparedDBs/leveldb/release/CMakeFiles/CMakeTmp'
Building C object CMakeFiles/cmTC_9f466.dir/CheckFunctionExists.c.o
/usr/bin/cc   -DCHECK_FUNCTION_EXISTS=crc32c_value -std=c11 -o CMakeFiles/cmTC_9f466.dir/CheckFunctionExists.c.o -c /usr/share/cmake-3.22/Modules/CheckFunctionExists.c
Linking C executable cmTC_9f466
/usr/bin/cmake -E cmake_link_script CMakeFiles/cmTC_9f466.dir/link.txt --verbose=1
/usr/bin/cc  -DCHECK_FUNCTION_EXISTS=crc32c_value CMakeFiles/cmTC_9f466.dir/CheckFunctionExists.c.o -o cmTC_9f466  -lcrc32c 
/usr/bin/ld: cannot find -lcrc32c: No such file or directory
collect2: error: ld returned 1 exit status
gmake[1]: *** [CMakeFiles/cmTC_9f466.dir/build.make:99: cmTC_9f466] Error 1
gmake[1]: Leaving directory '/home/jeff-wang/WorkloadAnalysis/comparedDBs/leveldb/release/CMakeFiles/CMakeTmp'
gmake: *** [Makefile:127: cmTC_9f466/fast] Error 2



Determining if the function snappy_compress exists in the snappy failed with the following output:
Change Dir: /home/jeff-wang/WorkloadAnalysis/comparedDBs/leveldb/release/CMakeFiles/CMakeTmp

Run Build Command(s):/usr/bin/gmake -f Makefile cmTC_1a8df/fast && /usr/bin/gmake  -f CMakeFiles/cmTC_1a8df.dir/build.make CMakeFiles/cmTC_1a8df.dir/build
gmake[1]: Entering directory '/home/jeff-wang/WorkloadAnalysis/comparedDBs/leveldb/release/CMakeFiles/CMakeTmp'
Building C object CMakeFiles/cmTC_1a8df.dir/CheckFunctionExists.c.o
/usr/bin/cc   -DCHECK_FUNCTION_EXISTS=snappy_compress -std=c11 -o CMakeFiles/cmTC_1a8df.dir/CheckFunctionExists.c.o -c /usr/share/cmake-3.22/Modules/CheckFunctionExists.c
Linking C executable cmTC_1a8df
/usr/bin/cmake -E cmake_link_script CMakeFiles/cmTC_1a8df.dir/link.txt --verbose=1
/usr/bin/cc  -DCHECK_FUNCTION_EXISTS=snappy_compress CMakeFiles/cmTC_1a8df.dir/CheckFunctionExists.c.o -o cmTC_1a8df  -lsnappy 
/usr/bin/ld: cannot find -lsnappy: No such file or directory
collect2: error: ld returned 1 exit status
gmake[1]: *** [CMakeFiles/cmTC_1a8df.dir/build.make:99: cmTC_1a8df] Error 1
gmake[1]: Leaving directory '/home/jeff-wang/WorkloadAnalysis/comparedDBs/leveldb/release/CMakeFiles/CMakeTmp'
gmake: *** [Makefile:127: cmTC_1a8df/fast] Error 2



Determining if the function zstd_compress exists in the zstd failed with the following output:
Change Dir: /home/jeff-wang/WorkloadAnalysis/comparedDBs/leveldb/release/CMakeFiles/CMakeTmp

Run Build Command(s):/usr/bin/gmake -f Makefile cmTC_79964/fast && /usr/bin/gmake  -f CMakeFiles/cmTC_79964.dir/build.make CMakeFiles/cmTC_79964.dir/build
gmake[1]: Entering directory '/home/jeff-wang/WorkloadAnalysis/comparedDBs/leveldb/release/CMakeFiles/CMakeTmp'
Building C object CMakeFiles/cmTC_79964.dir/CheckFunctionExists.c.o
/usr/bin/cc   -DCHECK_FUNCTION_EXISTS=zstd_compress -std=c11 -o CMakeFiles/cmTC_79964.dir/CheckFunctionExists.c.o -c /usr/share/cmake-3.22/Modules/CheckFunctionExists.c
Linking C executable cmTC_79964
/usr/bin/cmake -E cmake_link_script CMakeFiles/cmTC_79964.dir/link.txt --verbose=1
/usr/bin/cc  -DCHECK_FUNCTION_EXISTS=zstd_compress CMakeFiles/cmTC_79964.dir/CheckFunctionExists.c.o -o cmTC_79964  -lzstd 
/usr/bin/ld: cannot find -lzstd: No such file or directory
collect2: error: ld returned 1 exit status
gmake[1]: *** [CMakeFiles/cmTC_79964.dir/build.make:99: cmTC_79964] Error 1
gmake[1]: Leaving directory '/home/jeff-wang/WorkloadAnalysis/comparedDBs/leveldb/release/CMakeFiles/CMakeTmp'
gmake: *** [Makefile:127: cmTC_79964/fast] Error 2



Determining if the function malloc exists in the tcmalloc failed with the following output:
Change Dir: /home/jeff-wang/WorkloadAnalysis/comparedDBs/leveldb/release/CMakeFiles/CMakeTmp

Run Build Command(s):/usr/bin/gmake -f Makefile cmTC_7291d/fast && /usr/bin/gmake  -f CMakeFiles/cmTC_7291d.dir/build.make CMakeFiles/cmTC_7291d.dir/build
gmake[1]: Entering directory '/home/jeff-wang/WorkloadAnalysis/comparedDBs/leveldb/release/CMakeFiles/CMakeTmp'
Building C object CMakeFiles/cmTC_7291d.dir/CheckFunctionExists.c.o
/usr/bin/cc   -DCHECK_FUNCTION_EXISTS=malloc -std=c11 -o CMakeFiles/cmTC_7291d.dir/CheckFunctionExists.c.o -c /usr/share/cmake-3.22/Modules/CheckFunctionExists.c
<command-line>: warning: conflicting types for built-in function ‘malloc’; expected ‘void *(long unsigned int)’ [-Wbuiltin-declaration-mismatch]
/usr/share/cmake-3.22/Modules/CheckFunctionExists.c:7:3: note: in expansion of macro ‘CHECK_FUNCTION_EXISTS’
    7 |   CHECK_FUNCTION_EXISTS(void);
      |   ^~~~~~~~~~~~~~~~~~~~~
/usr/share/cmake-3.22/Modules/CheckFunctionExists.c:1:1: note: ‘malloc’ is declared in header ‘<stdlib.h>’
  +++ |+#include <stdlib.h>
    1 | #ifdef CHECK_FUNCTION_EXISTS
Linking C executable cmTC_7291d
/usr/bin/cmake -E cmake_link_script CMakeFiles/cmTC_7291d.dir/link.txt --verbose=1
/usr/bin/cc  -DCHECK_FUNCTION_EXISTS=malloc CMakeFiles/cmTC_7291d.dir/CheckFunctionExists.c.o -o cmTC_7291d  -ltcmalloc 
/usr/bin/ld: cannot find -ltcmalloc: No such file or directory
collect2: error: ld returned 1 exit status
gmake[1]: *** [CMakeFiles/cmTC_7291d.dir/build.make:99: cmTC_7291d] Error 1
gmake[1]: Leaving directory '/home/jeff-wang/WorkloadAnalysis/comparedDBs/leveldb/release/CMakeFiles/CMakeTmp'
gmake: *** [Makefile:127: cmTC_7291d/fast] Error 2



Determining if the F_FULLFSYNC exist failed with the following output:
Change Dir: /home/jeff-wang/WorkloadAnalysis/comparedDBs/leveldb/release/CMakeFiles/CMakeTmp

Run Build Command(s):/usr/bin/gmake -f Makefile cmTC_3d612/fast && /usr/bin/gmake  -f CMakeFiles/cmTC_3d612.dir/build.make CMakeFiles/cmTC_3d612.dir/build
gmake[1]: Entering directory '/home/jeff-wang/WorkloadAnalysis/comparedDBs/leveldb/release/CMakeFiles/CMakeTmp'
Building CXX object CMakeFiles/cmTC_3d612.dir/CheckSymbolExists.cxx.o
/usr/bin/c++   -std=c++11 -o CMakeFiles/cmTC_3d612.dir/CheckSymbolExists.cxx.o -c /home/jeff-wang/WorkloadAnalysis/comparedDBs/leveldb/release/CMakeFiles/CMakeTmp/CheckSymbolExists.cxx
/home/jeff-wang/WorkloadAnalysis/comparedDBs/leveldb/release/CMakeFiles/CMakeTmp/CheckSymbolExists.cxx: In function ‘int main(int, char**)’:
/home/jeff-wang/WorkloadAnalysis/comparedDBs/leveldb/release/CMakeFiles/CMakeTmp/CheckSymbolExists.cxx:8:19: error: ‘F_FULLFSYNC’ was not declared in this scope
    8 |   return ((int*)(&F_FULLFSYNC))[argc];
      |                   ^~~~~~~~~~~
gmake[1]: *** [CMakeFiles/cmTC_3d612.dir/build.make:78: CMakeFiles/cmTC_3d612.dir/CheckSymbolExists.cxx.o] Error 1
gmake[1]: Leaving directory '/home/jeff-wang/WorkloadAnalysis/comparedDBs/leveldb/release/CMakeFiles/CMakeTmp'
gmake: *** [Makefile:127: cmTC_3d612/fast] Error 2


File /home/jeff-wang/WorkloadAnalysis/comparedDBs/leveldb/release/CMakeFiles/CMakeTmp/CheckSymbolExists.cxx:
/* */
#include <fcntl.h>

int main(int argc, char** argv)
{
  (void)argv;
#ifndef F_FULLFSYNC
  return ((int*)(&F_FULLFSYNC))[argc];
#else
  (void)argc;
  return 0;
#endif
}
Performing C++ SOURCE FILE Test HAVE_CLANG_THREAD_SAFETY failed with the following output:
Change Dir: /home/jeff-wang/WorkloadAnalysis/comparedDBs/leveldb/release/CMakeFiles/CMakeTmp

Run Build Command(s):/usr/bin/gmake -f Makefile cmTC_d894e/fast && /usr/bin/gmake  -f CMakeFiles/cmTC_d894e.dir/build.make CMakeFiles/cmTC_d894e.dir/build
gmake[1]: Entering directory '/home/jeff-wang/WorkloadAnalysis/comparedDBs/leveldb/release/CMakeFiles/CMakeTmp'
Building CXX object CMakeFiles/cmTC_d894e.dir/src.cxx.o
/usr/bin/c++ -DHAVE_CLANG_THREAD_SAFETY  -fno-exceptions -fno-rtti    -Wthread-safety -std=c++11 -o CMakeFiles/cmTC_d894e.dir/src.cxx.o -c /home/jeff-wang/WorkloadAnalysis/comparedDBs/leveldb/release/CMakeFiles/CMakeTmp/src.cxx
c++: error: unrecognized command-line option '-Wthread-safety'
gmake[1]: *** [CMakeFiles/cmTC_d894e.dir/build.make:78: CMakeFiles/cmTC_d894e.dir/src.cxx.o] Error 1
gmake[1]: Leaving directory '/home/jeff-wang/WorkloadAnalysis/comparedDBs/leveldb/release/CMakeFiles/CMakeTmp'
gmake: *** [Makefile:127: cmTC_d894e/fast] Error 2


Source file was:
int main() { return 0; }
Performing C++ SOURCE FILE Test HAVE_CXX_FLAG_WSHORTEN_64_TO_32 failed with the following output:
Change Dir: /home/jeff-wang/WorkloadAnalysis/comparedDBs/leveldb/release/CMakeFiles/CMakeTmp

Run Build Command(s):/usr/bin/gmake -f Makefile cmTC_52107/fast && /usr/bin/gmake  -f CMakeFiles/cmTC_52107.dir/build.make CMakeFiles/cmTC_52107.dir/build
gmake[1]: Entering directory '/home/jeff-wang/WorkloadAnalysis/comparedDBs/leveldb/release/CMakeFiles/CMakeTmp'
Building CXX object CMakeFiles/cmTC_52107.dir/src.cxx.o
/usr/bin/c++ -DHAVE_CXX_FLAG_WSHORTEN_64_TO_32  -fno-exceptions -fno-rtti  -Wall  -Wextra  -Wshadow  -Wfloat-equal  -Werror  -Wsuggest-override  -pedantic  -pedantic-errors  -Wshorten-64-to-32   -Wshorten-64-to-32 -std=c++11 -o CMakeFiles/cmTC_52107.dir/src.cxx.o -c /home/jeff-wang/WorkloadAnalysis/comparedDBs/leveldb/release/CMakeFiles/CMakeTmp/src.cxx
c++: error: unrecognized command-line option '-Wshorten-64-to-32'
c++: error: unrecognized command-line option '-Wshorten-64-to-32'
gmake[1]: *** [CMakeFiles/cmTC_52107.dir/build.make:78: CMakeFiles/cmTC_52107.dir/src.cxx.o] Error 1
gmake[1]: Leaving directory '/home/jeff-wang/WorkloadAnalysis/comparedDBs/leveldb/release/CMakeFiles/CMakeTmp'
gmake: *** [Makefile:127: cmTC_52107/fast] Error 2


Source file was:
int main() { return 0; }
Performing C++ SOURCE FILE Test HAVE_CXX_FLAG_WD654 failed with the following output:
Change Dir: /home/jeff-wang/WorkloadAnalysis/comparedDBs/leveldb/release/CMakeFiles/CMakeTmp

Run Build Command(s):/usr/bin/gmake -f Makefile cmTC_0a560/fast && /usr/bin/gmake  -f CMakeFiles/cmTC_0a560.dir/build.make CMakeFiles/cmTC_0a560.dir/build
gmake[1]: Entering directory '/home/jeff-wang/WorkloadAnalysis/comparedDBs/leveldb/release/CMakeFiles/CMakeTmp'
Building CXX object CMakeFiles/cmTC_0a560.dir/src.cxx.o
/usr/bin/c++ -DHAVE_CXX_FLAG_WD654  -fno-exceptions -fno-rtti  -Wall  -Wextra  -Wshadow  -Wfloat-equal  -Werror  -Wsuggest-override  -pedantic  -pedantic-errors  -fstrict-aliasing  -Wno-deprecated-declarations  -Wno-deprecated  -fno-exceptions  -Wstrict-aliasing  -wd654   -wd654 -std=c++11 -o CMakeFiles/cmTC_0a560.dir/src.cxx.o -c /home/jeff-wang/WorkloadAnalysis/comparedDBs/leveldb/release/CMakeFiles/CMakeTmp/src.cxx
c++: error: unrecognized command-line option '-wd654'
c++: error: unrecognized command-line option '-wd654'
gmake[1]: *** [CMakeFiles/cmTC_0a560.dir/build.make:78: CMakeFiles/cmTC_0a560.dir/src.cxx.o] Error 1
gmake[1]: Leaving directory '/home/jeff-wang/WorkloadAnalysis/comparedDBs/leveldb/release/CMakeFiles/CMakeTmp'
gmake: *** [Makefile:127: cmTC_0a560/fast] Error 2


Source file was:
int main() { return 0; }
Performing C++ SOURCE FILE Test HAVE_CXX_FLAG_WTHREAD_SAFETY failed with the following output:
Change Dir: /home/jeff-wang/WorkloadAnalysis/comparedDBs/leveldb/release/CMakeFiles/CMakeTmp

Run Build Command(s):/usr/bin/gmake -f Makefile cmTC_0f06d/fast && /usr/bin/gmake  -f CMakeFiles/cmTC_0f06d.dir/build.make CMakeFiles/cmTC_0f06d.dir/build
gmake[1]: Entering directory '/home/jeff-wang/WorkloadAnalysis/comparedDBs/leveldb/release/CMakeFiles/CMakeTmp'
Building CXX object CMakeFiles/cmTC_0f06d.dir/src.cxx.o
/usr/bin/c++ -DHAVE_CXX_FLAG_WTHREAD_SAFETY  -fno-exceptions -fno-rtti  -Wall  -Wextra  -Wshadow  -Wfloat-equal  -Werror  -Wsuggest-override  -pedantic  -pedantic-errors  -fstrict-aliasing  -Wno-deprecated-declarations  -Wno-deprecated  -fno-exceptions  -Wstrict-aliasing  -Wthread-safety   -Wthread-safety -std=c++11 -o CMakeFiles/cmTC_0f06d.dir/src.cxx.o -c /home/jeff-wang/WorkloadAnalysis/comparedDBs/leveldb/release/CMakeFiles/CMakeTmp/src.cxx
c++: error: unrecognized command-line option '-Wthread-safety'
c++: error: unrecognized command-line option '-Wthread-safety'
gmake[1]: *** [CMakeFiles/cmTC_0f06d.dir/build.make:78: CMakeFiles/cmTC_0f06d.dir/src.cxx.o] Error 1
gmake[1]: Leaving directory '/home/jeff-wang/WorkloadAnalysis/comparedDBs/leveldb/release/CMakeFiles/CMakeTmp'
gmake: *** [Makefile:127: cmTC_0f06d/fast] Error 2


Source file was:
int main() { return 0; }
Determining if the function sqlite3_open exists in the sqlite3 failed with the following output:
Change Dir: /home/jeff-wang/WorkloadAnalysis/comparedDBs/leveldb/release/CMakeFiles/CMakeTmp

Run Build Command(s):/usr/bin/gmake -f Makefile cmTC_8842e/fast && /usr/bin/gmake  -f CMakeFiles/cmTC_8842e.dir/build.make CMakeFiles/cmTC_8842e.dir/build
gmake[1]: Entering directory '/home/jeff-wang/WorkloadAnalysis/comparedDBs/leveldb/release/CMakeFiles/CMakeTmp'
Building C object CMakeFiles/cmTC_8842e.dir/CheckFunctionExists.c.o
/usr/bin/cc   -Wstrict-prototypes -DCHECK_FUNCTION_EXISTS=sqlite3_open -std=c11 -o CMakeFiles/cmTC_8842e.dir/CheckFunctionExists.c.o -c /usr/share/cmake-3.22/Modules/CheckFunctionExists.c
Linking C executable cmTC_8842e
/usr/bin/cmake -E cmake_link_script CMakeFiles/cmTC_8842e.dir/link.txt --verbose=1
/usr/bin/cc  -Wstrict-prototypes -DCHECK_FUNCTION_EXISTS=sqlite3_open CMakeFiles/cmTC_8842e.dir/CheckFunctionExists.c.o -o cmTC_8842e  -lsqlite3 
/usr/bin/ld: cannot find -lsqlite3: No such file or directory
collect2: error: ld returned 1 exit status
gmake[1]: *** [CMakeFiles/cmTC_8842e.dir/build.make:99: cmTC_8842e] Error 1
gmake[1]: Leaving directory '/home/jeff-wang/WorkloadAnalysis/comparedDBs/leveldb/release/CMakeFiles/CMakeTmp'
gmake: *** [Makefile:127: cmTC_8842e/fast] Error 2



Performing C++ SOURCE FILE Test HAVE_KYOTOCABINET failed with the following output:
Change Dir: /home/jeff-wang/WorkloadAnalysis/comparedDBs/leveldb/release/CMakeFiles/CMakeTmp

Run Build Command(s):/usr/bin/gmake -f Makefile cmTC_8469e/fast && /usr/bin/gmake  -f CMakeFiles/cmTC_8469e.dir/build.make CMakeFiles/cmTC_8469e.dir/build
gmake[1]: Entering directory '/home/jeff-wang/WorkloadAnalysis/comparedDBs/leveldb/release/CMakeFiles/CMakeTmp'
Building CXX object CMakeFiles/cmTC_8469e.dir/src.cxx.o
/usr/bin/c++ -DHAVE_KYOTOCABINET  -fno-exceptions -fno-rtti  -std=c++11 -o CMakeFiles/cmTC_8469e.dir/src.cxx.o -c /home/jeff-wang/WorkloadAnalysis/comparedDBs/leveldb/release/CMakeFiles/CMakeTmp/src.cxx
/home/jeff-wang/WorkloadAnalysis/comparedDBs/leveldb/release/CMakeFiles/CMakeTmp/src.cxx:2:10: fatal error: kcpolydb.h: No such file or directory
    2 | #include <kcpolydb.h>
      |          ^~~~~~~~~~~~
compilation terminated.
gmake[1]: *** [CMakeFiles/cmTC_8469e.dir/build.make:78: CMakeFiles/cmTC_8469e.dir/src.cxx.o] Error 1
gmake[1]: Leaving directory '/home/jeff-wang/WorkloadAnalysis/comparedDBs/leveldb/release/CMakeFiles/CMakeTmp'
gmake: *** [Makefile:127: cmTC_8469e/fast] Error 2


Source file was:

#include <kcpolydb.h>

int main() {
  kyotocabinet::TreeDB* db = new kyotocabinet::TreeDB();
  delete db;
  return 0;
}
  
