Data for Zipf parameter 1.1 read from /home/jeff-wang/workloads/zipf1.1_keys10.0B.csv with a total of 1486193152 KV pairs.
Top 1% keys written to /home/jeff-wang/workloads/zipf1.1_top1_keys10.0B.csv with 14861931 hot KV pairs!

Top 5% keys written to /home/jeff-wang/workloads/zipf1.1_top5_keys10.0B.csv with 74309657 hot KV pairs!

Top 10% keys written to /home/jeff-wang/workloads/zipf1.1_top10_keys10.0B.csv with 148619315 hot KV pairs!

Top 15% keys written to /home/jeff-wang/workloads/zipf1.1_top15_keys10.0B.csv with 222928972 hot KV pairs!

Top 20% keys written to /home/jeff-wang/workloads/zipf1.1_top20_keys10.0B.csv with 297238630 hot KV pairs!

Top 25% keys written to /home/jeff-wang/workloads/zipf1.1_top25_keys10.0B.csv with 371548288 hot KV pairs!

Top 30% keys written to /home/jeff-wang/workloads/zipf1.1_top30_keys10.0B.csv with 445857945 hot KV pairs!

Processing zipf values:  25%|███████████████████████████████████▊                                                                                                           | 1/4 [36:04<1:48:12, 2164.28s/itData for Zipf parameter 1.3 read from /home/jeff-wang/workloads/zipf1.3_keys10.0B.csv with a total of 67850442 KV pairs.
Top 1% keys written to /home/jeff-wang/workloads/zipf1.3_top1_keys10.0B.csv with 678504 hot KV pairs!

Top 5% keys written to /home/jeff-wang/workloads/zipf1.3_top5_keys10.0B.csv with 3392522 hot KV pairs!

Top 10% keys written to /home/jeff-wang/workloads/zipf1.3_top10_keys10.0B.csv with 6785044 hot KV pairs!

Top 15% keys written to /home/jeff-wang/workloads/zipf1.3_top15_keys10.0B.csv with 10177566 hot KV pairs!

Top 20% keys written to /home/jeff-wang/workloads/zipf1.3_top20_keys10.0B.csv with 13570088 hot KV pairs!

Top 25% keys written to /home/jeff-wang/workloads/zipf1.3_top25_keys10.0B.csv with 16962610 hot KV pairs!

Top 30% keys written to /home/jeff-wang/workloads/zipf1.3_top30_keys10.0B.csv with 20355132 hot KV pairs!

Processing zipf values:  50%|████████████████████████████████████████████████████████████████████████▌                                                                        | 2/4 [52:52<49:29, 1484.52s/it]Data for Zipf parameter 1.4 read from /home/jeff-wang/workloads/zipf1.4_keys10.0B.csv with a total of 19485221 KV pairs.
Top 1% keys written to /home/jeff-wang/workloads/zipf1.4_top1_keys10.0B.csv with 194852 hot KV pairs!

Top 5% keys written to /home/jeff-wang/workloads/zipf1.4_top5_keys10.0B.csv with 974261 hot KV pairs!

Top 10% keys written to /home/jeff-wang/workloads/zipf1.4_top10_keys10.0B.csv with 1948522 hot KV pairs!

Top 15% keys written to /home/jeff-wang/workloads/zipf1.4_top15_keys10.0B.csv with 2922783 hot KV pairs!

Top 20% keys written to /home/jeff-wang/workloads/zipf1.4_top20_keys10.0B.csv with 3897044 hot KV pairs!

Top 25% keys written to /home/jeff-wang/workloads/zipf1.4_top25_keys10.0B.csv with 4871305 hot KV pairs!

Top 30% keys written to /home/jeff-wang/workloads/zipf1.4_top30_keys10.0B.csv with 5845566 hot KV pairs!

Processing zipf values:  75%|███████████████████████████████████████████████████████████████████████████████████████████████████████████▎                                   | 3/4 [1:07:42<20:12, 1212.89s/it]Data for Zipf parameter 1.5 read from /home/jeff-wang/workloads/zipf1.5_keys10.0B.csv with a total of 6552166 KV pairs.
Top 1% keys written to /home/jeff-wang/workloads/zipf1.5_top1_keys10.0B.csv with 65521 hot KV pairs!

Top 5% keys written to /home/jeff-wang/workloads/zipf1.5_top5_keys10.0B.csv with 327608 hot KV pairs!

Top 10% keys written to /home/jeff-wang/workloads/zipf1.5_top10_keys10.0B.csv with 655216 hot KV pairs!

Top 15% keys written to /home/jeff-wang/workloads/zipf1.5_top15_keys10.0B.csv with 982824 hot KV pairs!

Top 20% keys written to /home/jeff-wang/workloads/zipf1.5_top20_keys10.0B.csv with 1310433 hot KV pairs!

Top 25% keys written to /home/jeff-wang/workloads/zipf1.5_top25_keys10.0B.csv with 1638041 hot KV pairs!

Top 30% keys written to /home/jeff-wang/workloads/zipf1.5_top30_keys10.0B.csv with 1965649 hot KV pairs!
