Determining if the function crc32c_value exists in the crc32c failed with the following output:
Change Dir: /home/jeff-wang/WorkloadAnalysis/build/CMakeFiles/CMakeTmp

Run Build Command(s):/usr/bin/gmake -f Makefile cmTC_9d789/fast && /usr/bin/gmake  -f CMakeFiles/cmTC_9d789.dir/build.make CMakeFiles/cmTC_9d789.dir/build
gmake[1]: Entering directory '/home/jeff-wang/WorkloadAnalysis/build/CMakeFiles/CMakeTmp'
Building C object CMakeFiles/cmTC_9d789.dir/CheckFunctionExists.c.o
/usr/bin/gcc   -DCHECK_FUNCTION_EXISTS=crc32c_value -std=c11 -o CMakeFiles/cmTC_9d789.dir/CheckFunctionExists.c.o -c /usr/share/cmake-3.22/Modules/CheckFunctionExists.c
Linking C executable cmTC_9d789
/usr/bin/cmake -E cmake_link_script CMakeFiles/cmTC_9d789.dir/link.txt --verbose=1
/usr/bin/gcc  -DCHECK_FUNCTION_EXISTS=crc32c_value CMakeFiles/cmTC_9d789.dir/CheckFunctionExists.c.o -o cmTC_9d789  -lcrc32c 
/usr/bin/ld: cannot find -lcrc32c: No such file or directory
collect2: error: ld returned 1 exit status
gmake[1]: *** [CMakeFiles/cmTC_9d789.dir/build.make:99: cmTC_9d789] Error 1
gmake[1]: Leaving directory '/home/jeff-wang/WorkloadAnalysis/build/CMakeFiles/CMakeTmp'
gmake: *** [Makefile:127: cmTC_9d789/fast] Error 2



Determining if the function snappy_compress exists in the snappy failed with the following output:
Change Dir: /home/jeff-wang/WorkloadAnalysis/build/CMakeFiles/CMakeTmp

Run Build Command(s):/usr/bin/gmake -f Makefile cmTC_70e2f/fast && /usr/bin/gmake  -f CMakeFiles/cmTC_70e2f.dir/build.make CMakeFiles/cmTC_70e2f.dir/build
gmake[1]: Entering directory '/home/jeff-wang/WorkloadAnalysis/build/CMakeFiles/CMakeTmp'
Building C object CMakeFiles/cmTC_70e2f.dir/CheckFunctionExists.c.o
/usr/bin/gcc   -DCHECK_FUNCTION_EXISTS=snappy_compress -std=c11 -o CMakeFiles/cmTC_70e2f.dir/CheckFunctionExists.c.o -c /usr/share/cmake-3.22/Modules/CheckFunctionExists.c
Linking C executable cmTC_70e2f
/usr/bin/cmake -E cmake_link_script CMakeFiles/cmTC_70e2f.dir/link.txt --verbose=1
/usr/bin/gcc  -DCHECK_FUNCTION_EXISTS=snappy_compress CMakeFiles/cmTC_70e2f.dir/CheckFunctionExists.c.o -o cmTC_70e2f  -lsnappy 
/usr/bin/ld: cannot find -lsnappy: No such file or directory
collect2: error: ld returned 1 exit status
gmake[1]: *** [CMakeFiles/cmTC_70e2f.dir/build.make:99: cmTC_70e2f] Error 1
gmake[1]: Leaving directory '/home/jeff-wang/WorkloadAnalysis/build/CMakeFiles/CMakeTmp'
gmake: *** [Makefile:127: cmTC_70e2f/fast] Error 2



Determining if the function zstd_compress exists in the zstd failed with the following output:
Change Dir: /home/jeff-wang/WorkloadAnalysis/build/CMakeFiles/CMakeTmp

Run Build Command(s):/usr/bin/gmake -f Makefile cmTC_8bd39/fast && /usr/bin/gmake  -f CMakeFiles/cmTC_8bd39.dir/build.make CMakeFiles/cmTC_8bd39.dir/build
gmake[1]: Entering directory '/home/jeff-wang/WorkloadAnalysis/build/CMakeFiles/CMakeTmp'
Building C object CMakeFiles/cmTC_8bd39.dir/CheckFunctionExists.c.o
/usr/bin/gcc   -DCHECK_FUNCTION_EXISTS=zstd_compress -std=c11 -o CMakeFiles/cmTC_8bd39.dir/CheckFunctionExists.c.o -c /usr/share/cmake-3.22/Modules/CheckFunctionExists.c
Linking C executable cmTC_8bd39
/usr/bin/cmake -E cmake_link_script CMakeFiles/cmTC_8bd39.dir/link.txt --verbose=1
/usr/bin/gcc  -DCHECK_FUNCTION_EXISTS=zstd_compress CMakeFiles/cmTC_8bd39.dir/CheckFunctionExists.c.o -o cmTC_8bd39  -lzstd 
/usr/bin/ld: cannot find -lzstd: No such file or directory
collect2: error: ld returned 1 exit status
gmake[1]: *** [CMakeFiles/cmTC_8bd39.dir/build.make:99: cmTC_8bd39] Error 1
gmake[1]: Leaving directory '/home/jeff-wang/WorkloadAnalysis/build/CMakeFiles/CMakeTmp'
gmake: *** [Makefile:127: cmTC_8bd39/fast] Error 2



Determining if the function malloc exists in the tcmalloc failed with the following output:
Change Dir: /home/jeff-wang/WorkloadAnalysis/build/CMakeFiles/CMakeTmp

Run Build Command(s):/usr/bin/gmake -f Makefile cmTC_827f6/fast && /usr/bin/gmake  -f CMakeFiles/cmTC_827f6.dir/build.make CMakeFiles/cmTC_827f6.dir/build
gmake[1]: Entering directory '/home/jeff-wang/WorkloadAnalysis/build/CMakeFiles/CMakeTmp'
Building C object CMakeFiles/cmTC_827f6.dir/CheckFunctionExists.c.o
/usr/bin/gcc   -DCHECK_FUNCTION_EXISTS=malloc -std=c11 -o CMakeFiles/cmTC_827f6.dir/CheckFunctionExists.c.o -c /usr/share/cmake-3.22/Modules/CheckFunctionExists.c
<command-line>: warning: conflicting types for built-in function ‘malloc’; expected ‘void *(long unsigned int)’ [-Wbuiltin-declaration-mismatch]
/usr/share/cmake-3.22/Modules/CheckFunctionExists.c:7:3: note: in expansion of macro ‘CHECK_FUNCTION_EXISTS’
    7 |   CHECK_FUNCTION_EXISTS(void);
      |   ^~~~~~~~~~~~~~~~~~~~~
/usr/share/cmake-3.22/Modules/CheckFunctionExists.c:1:1: note: ‘malloc’ is declared in header ‘<stdlib.h>’
  +++ |+#include <stdlib.h>
    1 | #ifdef CHECK_FUNCTION_EXISTS
Linking C executable cmTC_827f6
/usr/bin/cmake -E cmake_link_script CMakeFiles/cmTC_827f6.dir/link.txt --verbose=1
/usr/bin/gcc  -DCHECK_FUNCTION_EXISTS=malloc CMakeFiles/cmTC_827f6.dir/CheckFunctionExists.c.o -o cmTC_827f6  -ltcmalloc 
/usr/bin/ld: cannot find -ltcmalloc: No such file or directory
collect2: error: ld returned 1 exit status
gmake[1]: *** [CMakeFiles/cmTC_827f6.dir/build.make:99: cmTC_827f6] Error 1
gmake[1]: Leaving directory '/home/jeff-wang/WorkloadAnalysis/build/CMakeFiles/CMakeTmp'
gmake: *** [Makefile:127: cmTC_827f6/fast] Error 2



Determining if the F_FULLFSYNC exist failed with the following output:
Change Dir: /home/jeff-wang/WorkloadAnalysis/build/CMakeFiles/CMakeTmp

Run Build Command(s):/usr/bin/gmake -f Makefile cmTC_869a5/fast && /usr/bin/gmake  -f CMakeFiles/cmTC_869a5.dir/build.make CMakeFiles/cmTC_869a5.dir/build
gmake[1]: Entering directory '/home/jeff-wang/WorkloadAnalysis/build/CMakeFiles/CMakeTmp'
Building CXX object CMakeFiles/cmTC_869a5.dir/CheckSymbolExists.cxx.o
/usr/bin/g++   -std=c++11 -o CMakeFiles/cmTC_869a5.dir/CheckSymbolExists.cxx.o -c /home/jeff-wang/WorkloadAnalysis/build/CMakeFiles/CMakeTmp/CheckSymbolExists.cxx
/home/jeff-wang/WorkloadAnalysis/build/CMakeFiles/CMakeTmp/CheckSymbolExists.cxx: In function ‘int main(int, char**)’:
/home/jeff-wang/WorkloadAnalysis/build/CMakeFiles/CMakeTmp/CheckSymbolExists.cxx:8:19: error: ‘F_FULLFSYNC’ was not declared in this scope
    8 |   return ((int*)(&F_FULLFSYNC))[argc];
      |                   ^~~~~~~~~~~
gmake[1]: *** [CMakeFiles/cmTC_869a5.dir/build.make:78: CMakeFiles/cmTC_869a5.dir/CheckSymbolExists.cxx.o] Error 1
gmake[1]: Leaving directory '/home/jeff-wang/WorkloadAnalysis/build/CMakeFiles/CMakeTmp'
gmake: *** [Makefile:127: cmTC_869a5/fast] Error 2


File /home/jeff-wang/WorkloadAnalysis/build/CMakeFiles/CMakeTmp/CheckSymbolExists.cxx:
/* */
#include <fcntl.h>

int main(int argc, char** argv)
{
  (void)argv;
#ifndef F_FULLFSYNC
  return ((int*)(&F_FULLFSYNC))[argc];
#else
  (void)argc;
  return 0;
#endif
}
Performing C++ SOURCE FILE Test HAVE_CLANG_THREAD_SAFETY failed with the following output:
Change Dir: /home/jeff-wang/WorkloadAnalysis/build/CMakeFiles/CMakeTmp

Run Build Command(s):/usr/bin/gmake -f Makefile cmTC_440c6/fast && /usr/bin/gmake  -f CMakeFiles/cmTC_440c6.dir/build.make CMakeFiles/cmTC_440c6.dir/build
gmake[1]: Entering directory '/home/jeff-wang/WorkloadAnalysis/build/CMakeFiles/CMakeTmp'
Building CXX object CMakeFiles/cmTC_440c6.dir/src.cxx.o
/usr/bin/g++ -DHAVE_CLANG_THREAD_SAFETY  -fno-exceptions -fno-rtti    -Wthread-safety -std=c++11 -o CMakeFiles/cmTC_440c6.dir/src.cxx.o -c /home/jeff-wang/WorkloadAnalysis/build/CMakeFiles/CMakeTmp/src.cxx
g++: error: unrecognized command-line option '-Wthread-safety'
gmake[1]: *** [CMakeFiles/cmTC_440c6.dir/build.make:78: CMakeFiles/cmTC_440c6.dir/src.cxx.o] Error 1
gmake[1]: Leaving directory '/home/jeff-wang/WorkloadAnalysis/build/CMakeFiles/CMakeTmp'
gmake: *** [Makefile:127: cmTC_440c6/fast] Error 2


Source file was:
int main() { return 0; }
Performing C++ SOURCE FILE Test HAVE_CXX_FLAG_WSHORTEN_64_TO_32 failed with the following output:
Change Dir: /home/jeff-wang/WorkloadAnalysis/build/CMakeFiles/CMakeTmp

Run Build Command(s):/usr/bin/gmake -f Makefile cmTC_a2114/fast && /usr/bin/gmake  -f CMakeFiles/cmTC_a2114.dir/build.make CMakeFiles/cmTC_a2114.dir/build
gmake[1]: Entering directory '/home/jeff-wang/WorkloadAnalysis/build/CMakeFiles/CMakeTmp'
Building CXX object CMakeFiles/cmTC_a2114.dir/src.cxx.o
/usr/bin/g++ -DHAVE_CXX_FLAG_WSHORTEN_64_TO_32  -fno-exceptions -fno-rtti  -Wall  -Wextra  -Wshadow  -Wfloat-equal  -Werror  -Wsuggest-override  -pedantic  -pedantic-errors  -Wshorten-64-to-32   -Wshorten-64-to-32 -std=c++11 -o CMakeFiles/cmTC_a2114.dir/src.cxx.o -c /home/jeff-wang/WorkloadAnalysis/build/CMakeFiles/CMakeTmp/src.cxx
g++: error: unrecognized command-line option '-Wshorten-64-to-32'
g++: error: unrecognized command-line option '-Wshorten-64-to-32'
gmake[1]: *** [CMakeFiles/cmTC_a2114.dir/build.make:78: CMakeFiles/cmTC_a2114.dir/src.cxx.o] Error 1
gmake[1]: Leaving directory '/home/jeff-wang/WorkloadAnalysis/build/CMakeFiles/CMakeTmp'
gmake: *** [Makefile:127: cmTC_a2114/fast] Error 2


Source file was:
int main() { return 0; }
Performing C++ SOURCE FILE Test HAVE_CXX_FLAG_WD654 failed with the following output:
Change Dir: /home/jeff-wang/WorkloadAnalysis/build/CMakeFiles/CMakeTmp

Run Build Command(s):/usr/bin/gmake -f Makefile cmTC_54f63/fast && /usr/bin/gmake  -f CMakeFiles/cmTC_54f63.dir/build.make CMakeFiles/cmTC_54f63.dir/build
gmake[1]: Entering directory '/home/jeff-wang/WorkloadAnalysis/build/CMakeFiles/CMakeTmp'
Building CXX object CMakeFiles/cmTC_54f63.dir/src.cxx.o
/usr/bin/g++ -DHAVE_CXX_FLAG_WD654  -fno-exceptions -fno-rtti  -Wall  -Wextra  -Wshadow  -Wfloat-equal  -Werror  -Wsuggest-override  -pedantic  -pedantic-errors  -fstrict-aliasing  -Wno-deprecated-declarations  -Wno-deprecated  -fno-exceptions  -Wstrict-aliasing  -wd654   -wd654 -std=c++11 -o CMakeFiles/cmTC_54f63.dir/src.cxx.o -c /home/jeff-wang/WorkloadAnalysis/build/CMakeFiles/CMakeTmp/src.cxx
g++: error: unrecognized command-line option '-wd654'
g++: error: unrecognized command-line option '-wd654'
gmake[1]: *** [CMakeFiles/cmTC_54f63.dir/build.make:78: CMakeFiles/cmTC_54f63.dir/src.cxx.o] Error 1
gmake[1]: Leaving directory '/home/jeff-wang/WorkloadAnalysis/build/CMakeFiles/CMakeTmp'
gmake: *** [Makefile:127: cmTC_54f63/fast] Error 2


Source file was:
int main() { return 0; }
Performing C++ SOURCE FILE Test HAVE_CXX_FLAG_WTHREAD_SAFETY failed with the following output:
Change Dir: /home/jeff-wang/WorkloadAnalysis/build/CMakeFiles/CMakeTmp

Run Build Command(s):/usr/bin/gmake -f Makefile cmTC_22495/fast && /usr/bin/gmake  -f CMakeFiles/cmTC_22495.dir/build.make CMakeFiles/cmTC_22495.dir/build
gmake[1]: Entering directory '/home/jeff-wang/WorkloadAnalysis/build/CMakeFiles/CMakeTmp'
Building CXX object CMakeFiles/cmTC_22495.dir/src.cxx.o
/usr/bin/g++ -DHAVE_CXX_FLAG_WTHREAD_SAFETY  -fno-exceptions -fno-rtti  -Wall  -Wextra  -Wshadow  -Wfloat-equal  -Werror  -Wsuggest-override  -pedantic  -pedantic-errors  -fstrict-aliasing  -Wno-deprecated-declarations  -Wno-deprecated  -fno-exceptions  -Wstrict-aliasing  -Wthread-safety   -Wthread-safety -std=c++11 -o CMakeFiles/cmTC_22495.dir/src.cxx.o -c /home/jeff-wang/WorkloadAnalysis/build/CMakeFiles/CMakeTmp/src.cxx
g++: error: unrecognized command-line option '-Wthread-safety'
g++: error: unrecognized command-line option '-Wthread-safety'
gmake[1]: *** [CMakeFiles/cmTC_22495.dir/build.make:78: CMakeFiles/cmTC_22495.dir/src.cxx.o] Error 1
gmake[1]: Leaving directory '/home/jeff-wang/WorkloadAnalysis/build/CMakeFiles/CMakeTmp'
gmake: *** [Makefile:127: cmTC_22495/fast] Error 2


Source file was:
int main() { return 0; }
Performing C++ SOURCE FILE Test HAVE_KYOTOCABINET failed with the following output:
Change Dir: /home/jeff-wang/WorkloadAnalysis/build/CMakeFiles/CMakeTmp

Run Build Command(s):/usr/bin/gmake -f Makefile cmTC_63eaf/fast && /usr/bin/gmake  -f CMakeFiles/cmTC_63eaf.dir/build.make CMakeFiles/cmTC_63eaf.dir/build
gmake[1]: Entering directory '/home/jeff-wang/WorkloadAnalysis/build/CMakeFiles/CMakeTmp'
Building CXX object CMakeFiles/cmTC_63eaf.dir/src.cxx.o
/usr/bin/g++ -DHAVE_KYOTOCABINET  -fno-exceptions -fno-rtti  -std=c++11 -o CMakeFiles/cmTC_63eaf.dir/src.cxx.o -c /home/jeff-wang/WorkloadAnalysis/build/CMakeFiles/CMakeTmp/src.cxx
/home/jeff-wang/WorkloadAnalysis/build/CMakeFiles/CMakeTmp/src.cxx:2:10: fatal error: kcpolydb.h: No such file or directory
    2 | #include <kcpolydb.h>
      |          ^~~~~~~~~~~~
compilation terminated.
gmake[1]: *** [CMakeFiles/cmTC_63eaf.dir/build.make:78: CMakeFiles/cmTC_63eaf.dir/src.cxx.o] Error 1
gmake[1]: Leaving directory '/home/jeff-wang/WorkloadAnalysis/build/CMakeFiles/CMakeTmp'
gmake: *** [Makefile:127: cmTC_63eaf/fast] Error 2


Source file was:

#include <kcpolydb.h>

int main() {
  kyotocabinet::TreeDB* db = new kyotocabinet::TreeDB();
  delete db;
  return 0;
}
  
