The system is: Linux - 6.8.0-40-generic - x86_64
Compiling the C compiler identification source file "CMakeCCompilerId.c" succeeded.
Compiler: /usr/bin/cc 
Build flags: 
Id flags:  

The output was:
0


Compilation of the C compiler identification source "CMakeCCompilerId.c" produced "a.out"

The C compiler identification is GNU, found in "/home/jeff-wang/WorkloadAnalysis/comparedDBs/pebblesdb/release/CMakeFiles/3.22.1/CompilerIdC/a.out"

Compiling the CXX compiler identification source file "CMakeCXXCompilerId.cpp" succeeded.
Compiler: /usr/bin/c++ 
Build flags: 
Id flags:  

The output was:
0


Compilation of the CXX compiler identification source "CMakeCXXCompilerId.cpp" produced "a.out"

The CXX compiler identification is GNU, found in "/home/jeff-wang/WorkloadAnalysis/comparedDBs/pebblesdb/release/CMakeFiles/3.22.1/CompilerIdCXX/a.out"

Detecting C compiler ABI info compiled with the following output:
Change Dir: /home/jeff-wang/WorkloadAnalysis/comparedDBs/pebblesdb/release/CMakeFiles/CMakeTmp

Run Build Command(s):/usr/bin/gmake -f Makefile cmTC_a22d9/fast && /usr/bin/gmake  -f CMakeFiles/cmTC_a22d9.dir/build.make CMakeFiles/cmTC_a22d9.dir/build
gmake[1]: Entering directory '/home/jeff-wang/WorkloadAnalysis/comparedDBs/pebblesdb/release/CMakeFiles/CMakeTmp'
Building C object CMakeFiles/cmTC_a22d9.dir/CMakeCCompilerABI.c.o
/usr/bin/cc   -v -o CMakeFiles/cmTC_a22d9.dir/CMakeCCompilerABI.c.o -c /usr/share/cmake-3.22/Modules/CMakeCCompilerABI.c
Using built-in specs.
COLLECT_GCC=/usr/bin/cc
OFFLOAD_TARGET_NAMES=nvptx-none:amdgcn-amdhsa
OFFLOAD_TARGET_DEFAULT=1
Target: x86_64-linux-gnu
Configured with: ../src/configure -v --with-pkgversion='Ubuntu 12.3.0-1ubuntu1~22.04' --with-bugurl=file:///usr/share/doc/gcc-12/README.Bugs --enable-languages=c,ada,c++,go,d,fortran,objc,obj-c++,m2 --prefix=/usr --with-gcc-major-version-only --program-suffix=-12 --program-prefix=x86_64-linux-gnu- --enable-shared --enable-linker-build-id --libexecdir=/usr/lib --without-included-gettext --enable-threads=posix --libdir=/usr/lib --enable-nls --enable-clocale=gnu --enable-libstdcxx-debug --enable-libstdcxx-time=yes --with-default-libstdcxx-abi=new --enable-gnu-unique-object --disable-vtable-verify --enable-plugin --enable-default-pie --with-system-zlib --enable-libphobos-checking=release --with-target-system-zlib=auto --enable-objc-gc=auto --enable-multiarch --disable-werror --enable-cet --with-arch-32=i686 --with-abi=m64 --with-multilib-list=m32,m64,mx32 --enable-multilib --with-tune=generic --enable-offload-targets=nvptx-none=/build/gcc-12-ALHxjy/gcc-12-12.3.0/debian/tmp-nvptx/usr,amdgcn-amdhsa=/build/gcc-12-ALHxjy/gcc-12-12.3.0/debian/tmp-gcn/usr --enable-offload-defaulted --without-cuda-driver --enable-checking=release --build=x86_64-linux-gnu --host=x86_64-linux-gnu --target=x86_64-linux-gnu
Thread model: posix
Supported LTO compression algorithms: zlib zstd
gcc version 12.3.0 (Ubuntu 12.3.0-1ubuntu1~22.04) 
COLLECT_GCC_OPTIONS='-v' '-o' 'CMakeFiles/cmTC_a22d9.dir/CMakeCCompilerABI.c.o' '-c' '-mtune=generic' '-march=x86-64' '-dumpdir' 'CMakeFiles/cmTC_a22d9.dir/'
 /usr/lib/gcc/x86_64-linux-gnu/12/cc1 -quiet -v -imultiarch x86_64-linux-gnu /usr/share/cmake-3.22/Modules/CMakeCCompilerABI.c -quiet -dumpdir CMakeFiles/cmTC_a22d9.dir/ -dumpbase CMakeCCompilerABI.c.c -dumpbase-ext .c -mtune=generic -march=x86-64 -version -fasynchronous-unwind-tables -fstack-protector-strong -Wformat -Wformat-security -fstack-clash-protection -fcf-protection -o /tmp/cczobdUk.s
GNU C17 (Ubuntu 12.3.0-1ubuntu1~22.04) version 12.3.0 (x86_64-linux-gnu)
	compiled by GNU C version 12.3.0, GMP version 6.2.1, MPFR version 4.1.0, MPC version 1.2.1, isl version isl-0.24-GMP

GGC heuristics: --param ggc-min-expand=100 --param ggc-min-heapsize=131072
ignoring nonexistent directory "/usr/local/include/x86_64-linux-gnu"
ignoring nonexistent directory "/usr/lib/gcc/x86_64-linux-gnu/12/include-fixed"
ignoring nonexistent directory "/usr/lib/gcc/x86_64-linux-gnu/12/../../../../x86_64-linux-gnu/include"
#include "..." search starts here:
#include <...> search starts here:
 /usr/lib/gcc/x86_64-linux-gnu/12/include
 /usr/local/include
 /usr/include/x86_64-linux-gnu
 /usr/include
End of search list.
GNU C17 (Ubuntu 12.3.0-1ubuntu1~22.04) version 12.3.0 (x86_64-linux-gnu)
	compiled by GNU C version 12.3.0, GMP version 6.2.1, MPFR version 4.1.0, MPC version 1.2.1, isl version isl-0.24-GMP

GGC heuristics: --param ggc-min-expand=100 --param ggc-min-heapsize=131072
Compiler executable checksum: d93534411cccf908c6f3926ba41cb359
COLLECT_GCC_OPTIONS='-v' '-o' 'CMakeFiles/cmTC_a22d9.dir/CMakeCCompilerABI.c.o' '-c' '-mtune=generic' '-march=x86-64' '-dumpdir' 'CMakeFiles/cmTC_a22d9.dir/'
 as -v --64 -o CMakeFiles/cmTC_a22d9.dir/CMakeCCompilerABI.c.o /tmp/cczobdUk.s
GNU assembler version 2.38 (x86_64-linux-gnu) using BFD version (GNU Binutils for Ubuntu) 2.38
COMPILER_PATH=/usr/lib/gcc/x86_64-linux-gnu/12/:/usr/lib/gcc/x86_64-linux-gnu/12/:/usr/lib/gcc/x86_64-linux-gnu/:/usr/lib/gcc/x86_64-linux-gnu/12/:/usr/lib/gcc/x86_64-linux-gnu/
LIBRARY_PATH=/usr/lib/gcc/x86_64-linux-gnu/12/:/usr/lib/gcc/x86_64-linux-gnu/12/../../../x86_64-linux-gnu/:/usr/lib/gcc/x86_64-linux-gnu/12/../../../../lib/:/lib/x86_64-linux-gnu/:/lib/../lib/:/usr/lib/x86_64-linux-gnu/:/usr/lib/../lib/:/usr/lib/gcc/x86_64-linux-gnu/12/../../../:/lib/:/usr/lib/
COLLECT_GCC_OPTIONS='-v' '-o' 'CMakeFiles/cmTC_a22d9.dir/CMakeCCompilerABI.c.o' '-c' '-mtune=generic' '-march=x86-64' '-dumpdir' 'CMakeFiles/cmTC_a22d9.dir/CMakeCCompilerABI.c.'
Linking C executable cmTC_a22d9
/usr/bin/cmake -E cmake_link_script CMakeFiles/cmTC_a22d9.dir/link.txt --verbose=1
/usr/bin/cc  -v CMakeFiles/cmTC_a22d9.dir/CMakeCCompilerABI.c.o -o cmTC_a22d9 
Using built-in specs.
COLLECT_GCC=/usr/bin/cc
COLLECT_LTO_WRAPPER=/usr/lib/gcc/x86_64-linux-gnu/12/lto-wrapper
OFFLOAD_TARGET_NAMES=nvptx-none:amdgcn-amdhsa
OFFLOAD_TARGET_DEFAULT=1
Target: x86_64-linux-gnu
Configured with: ../src/configure -v --with-pkgversion='Ubuntu 12.3.0-1ubuntu1~22.04' --with-bugurl=file:///usr/share/doc/gcc-12/README.Bugs --enable-languages=c,ada,c++,go,d,fortran,objc,obj-c++,m2 --prefix=/usr --with-gcc-major-version-only --program-suffix=-12 --program-prefix=x86_64-linux-gnu- --enable-shared --enable-linker-build-id --libexecdir=/usr/lib --without-included-gettext --enable-threads=posix --libdir=/usr/lib --enable-nls --enable-clocale=gnu --enable-libstdcxx-debug --enable-libstdcxx-time=yes --with-default-libstdcxx-abi=new --enable-gnu-unique-object --disable-vtable-verify --enable-plugin --enable-default-pie --with-system-zlib --enable-libphobos-checking=release --with-target-system-zlib=auto --enable-objc-gc=auto --enable-multiarch --disable-werror --enable-cet --with-arch-32=i686 --with-abi=m64 --with-multilib-list=m32,m64,mx32 --enable-multilib --with-tune=generic --enable-offload-targets=nvptx-none=/build/gcc-12-ALHxjy/gcc-12-12.3.0/debian/tmp-nvptx/usr,amdgcn-amdhsa=/build/gcc-12-ALHxjy/gcc-12-12.3.0/debian/tmp-gcn/usr --enable-offload-defaulted --without-cuda-driver --enable-checking=release --build=x86_64-linux-gnu --host=x86_64-linux-gnu --target=x86_64-linux-gnu
Thread model: posix
Supported LTO compression algorithms: zlib zstd
gcc version 12.3.0 (Ubuntu 12.3.0-1ubuntu1~22.04) 
COMPILER_PATH=/usr/lib/gcc/x86_64-linux-gnu/12/:/usr/lib/gcc/x86_64-linux-gnu/12/:/usr/lib/gcc/x86_64-linux-gnu/:/usr/lib/gcc/x86_64-linux-gnu/12/:/usr/lib/gcc/x86_64-linux-gnu/
LIBRARY_PATH=/usr/lib/gcc/x86_64-linux-gnu/12/:/usr/lib/gcc/x86_64-linux-gnu/12/../../../x86_64-linux-gnu/:/usr/lib/gcc/x86_64-linux-gnu/12/../../../../lib/:/lib/x86_64-linux-gnu/:/lib/../lib/:/usr/lib/x86_64-linux-gnu/:/usr/lib/../lib/:/usr/lib/gcc/x86_64-linux-gnu/12/../../../:/lib/:/usr/lib/
COLLECT_GCC_OPTIONS='-v' '-o' 'cmTC_a22d9' '-mtune=generic' '-march=x86-64' '-dumpdir' 'cmTC_a22d9.'
 /usr/lib/gcc/x86_64-linux-gnu/12/collect2 -plugin /usr/lib/gcc/x86_64-linux-gnu/12/liblto_plugin.so -plugin-opt=/usr/lib/gcc/x86_64-linux-gnu/12/lto-wrapper -plugin-opt=-fresolution=/tmp/ccbJjiPB.res -plugin-opt=-pass-through=-lgcc -plugin-opt=-pass-through=-lgcc_s -plugin-opt=-pass-through=-lc -plugin-opt=-pass-through=-lgcc -plugin-opt=-pass-through=-lgcc_s --build-id --eh-frame-hdr -m elf_x86_64 --hash-style=gnu --as-needed -dynamic-linker /lib64/ld-linux-x86-64.so.2 -pie -z now -z relro -o cmTC_a22d9 /usr/lib/gcc/x86_64-linux-gnu/12/../../../x86_64-linux-gnu/Scrt1.o /usr/lib/gcc/x86_64-linux-gnu/12/../../../x86_64-linux-gnu/crti.o /usr/lib/gcc/x86_64-linux-gnu/12/crtbeginS.o -L/usr/lib/gcc/x86_64-linux-gnu/12 -L/usr/lib/gcc/x86_64-linux-gnu/12/../../../x86_64-linux-gnu -L/usr/lib/gcc/x86_64-linux-gnu/12/../../../../lib -L/lib/x86_64-linux-gnu -L/lib/../lib -L/usr/lib/x86_64-linux-gnu -L/usr/lib/../lib -L/usr/lib/gcc/x86_64-linux-gnu/12/../../.. CMakeFiles/cmTC_a22d9.dir/CMakeCCompilerABI.c.o -lgcc --push-state --as-needed -lgcc_s --pop-state -lc -lgcc --push-state --as-needed -lgcc_s --pop-state /usr/lib/gcc/x86_64-linux-gnu/12/crtendS.o /usr/lib/gcc/x86_64-linux-gnu/12/../../../x86_64-linux-gnu/crtn.o
COLLECT_GCC_OPTIONS='-v' '-o' 'cmTC_a22d9' '-mtune=generic' '-march=x86-64' '-dumpdir' 'cmTC_a22d9.'
gmake[1]: Leaving directory '/home/jeff-wang/WorkloadAnalysis/comparedDBs/pebblesdb/release/CMakeFiles/CMakeTmp'



Parsed C implicit include dir info from above output: rv=done
  found start of include info
  found start of implicit include info
    add: [/usr/lib/gcc/x86_64-linux-gnu/12/include]
    add: [/usr/local/include]
    add: [/usr/include/x86_64-linux-gnu]
    add: [/usr/include]
  end of search list found
  collapse include dir [/usr/lib/gcc/x86_64-linux-gnu/12/include] ==> [/usr/lib/gcc/x86_64-linux-gnu/12/include]
  collapse include dir [/usr/local/include] ==> [/usr/local/include]
  collapse include dir [/usr/include/x86_64-linux-gnu] ==> [/usr/include/x86_64-linux-gnu]
  collapse include dir [/usr/include] ==> [/usr/include]
  implicit include dirs: [/usr/lib/gcc/x86_64-linux-gnu/12/include;/usr/local/include;/usr/include/x86_64-linux-gnu;/usr/include]


Parsed C implicit link information from above output:
  link line regex: [^( *|.*[/\])(ld|CMAKE_LINK_STARTFILE-NOTFOUND|([^/\]+-)?ld|collect2)[^/\]*( |$)]
  ignore line: [Change Dir: /home/jeff-wang/WorkloadAnalysis/comparedDBs/pebblesdb/release/CMakeFiles/CMakeTmp]
  ignore line: []
  ignore line: [Run Build Command(s):/usr/bin/gmake -f Makefile cmTC_a22d9/fast && /usr/bin/gmake  -f CMakeFiles/cmTC_a22d9.dir/build.make CMakeFiles/cmTC_a22d9.dir/build]
  ignore line: [gmake[1]: Entering directory '/home/jeff-wang/WorkloadAnalysis/comparedDBs/pebblesdb/release/CMakeFiles/CMakeTmp']
  ignore line: [Building C object CMakeFiles/cmTC_a22d9.dir/CMakeCCompilerABI.c.o]
  ignore line: [/usr/bin/cc   -v -o CMakeFiles/cmTC_a22d9.dir/CMakeCCompilerABI.c.o -c /usr/share/cmake-3.22/Modules/CMakeCCompilerABI.c]
  ignore line: [Using built-in specs.]
  ignore line: [COLLECT_GCC=/usr/bin/cc]
  ignore line: [OFFLOAD_TARGET_NAMES=nvptx-none:amdgcn-amdhsa]
  ignore line: [OFFLOAD_TARGET_DEFAULT=1]
  ignore line: [Target: x86_64-linux-gnu]
  ignore line: [Configured with: ../src/configure -v --with-pkgversion='Ubuntu 12.3.0-1ubuntu1~22.04' --with-bugurl=file:///usr/share/doc/gcc-12/README.Bugs --enable-languages=c ada c++ go d fortran objc obj-c++ m2 --prefix=/usr --with-gcc-major-version-only --program-suffix=-12 --program-prefix=x86_64-linux-gnu- --enable-shared --enable-linker-build-id --libexecdir=/usr/lib --without-included-gettext --enable-threads=posix --libdir=/usr/lib --enable-nls --enable-clocale=gnu --enable-libstdcxx-debug --enable-libstdcxx-time=yes --with-default-libstdcxx-abi=new --enable-gnu-unique-object --disable-vtable-verify --enable-plugin --enable-default-pie --with-system-zlib --enable-libphobos-checking=release --with-target-system-zlib=auto --enable-objc-gc=auto --enable-multiarch --disable-werror --enable-cet --with-arch-32=i686 --with-abi=m64 --with-multilib-list=m32 m64 mx32 --enable-multilib --with-tune=generic --enable-offload-targets=nvptx-none=/build/gcc-12-ALHxjy/gcc-12-12.3.0/debian/tmp-nvptx/usr amdgcn-amdhsa=/build/gcc-12-ALHxjy/gcc-12-12.3.0/debian/tmp-gcn/usr --enable-offload-defaulted --without-cuda-driver --enable-checking=release --build=x86_64-linux-gnu --host=x86_64-linux-gnu --target=x86_64-linux-gnu]
  ignore line: [Thread model: posix]
  ignore line: [Supported LTO compression algorithms: zlib zstd]
  ignore line: [gcc version 12.3.0 (Ubuntu 12.3.0-1ubuntu1~22.04) ]
  ignore line: [COLLECT_GCC_OPTIONS='-v' '-o' 'CMakeFiles/cmTC_a22d9.dir/CMakeCCompilerABI.c.o' '-c' '-mtune=generic' '-march=x86-64' '-dumpdir' 'CMakeFiles/cmTC_a22d9.dir/']
  ignore line: [ /usr/lib/gcc/x86_64-linux-gnu/12/cc1 -quiet -v -imultiarch x86_64-linux-gnu /usr/share/cmake-3.22/Modules/CMakeCCompilerABI.c -quiet -dumpdir CMakeFiles/cmTC_a22d9.dir/ -dumpbase CMakeCCompilerABI.c.c -dumpbase-ext .c -mtune=generic -march=x86-64 -version -fasynchronous-unwind-tables -fstack-protector-strong -Wformat -Wformat-security -fstack-clash-protection -fcf-protection -o /tmp/cczobdUk.s]
  ignore line: [GNU C17 (Ubuntu 12.3.0-1ubuntu1~22.04) version 12.3.0 (x86_64-linux-gnu)]
  ignore line: [	compiled by GNU C version 12.3.0  GMP version 6.2.1  MPFR version 4.1.0  MPC version 1.2.1  isl version isl-0.24-GMP]
  ignore line: []
  ignore line: [GGC heuristics: --param ggc-min-expand=100 --param ggc-min-heapsize=131072]
  ignore line: [ignoring nonexistent directory "/usr/local/include/x86_64-linux-gnu"]
  ignore line: [ignoring nonexistent directory "/usr/lib/gcc/x86_64-linux-gnu/12/include-fixed"]
  ignore line: [ignoring nonexistent directory "/usr/lib/gcc/x86_64-linux-gnu/12/../../../../x86_64-linux-gnu/include"]
  ignore line: [#include "..." search starts here:]
  ignore line: [#include <...> search starts here:]
  ignore line: [ /usr/lib/gcc/x86_64-linux-gnu/12/include]
  ignore line: [ /usr/local/include]
  ignore line: [ /usr/include/x86_64-linux-gnu]
  ignore line: [ /usr/include]
  ignore line: [End of search list.]
  ignore line: [GNU C17 (Ubuntu 12.3.0-1ubuntu1~22.04) version 12.3.0 (x86_64-linux-gnu)]
  ignore line: [	compiled by GNU C version 12.3.0  GMP version 6.2.1  MPFR version 4.1.0  MPC version 1.2.1  isl version isl-0.24-GMP]
  ignore line: []
  ignore line: [GGC heuristics: --param ggc-min-expand=100 --param ggc-min-heapsize=131072]
  ignore line: [Compiler executable checksum: d93534411cccf908c6f3926ba41cb359]
  ignore line: [COLLECT_GCC_OPTIONS='-v' '-o' 'CMakeFiles/cmTC_a22d9.dir/CMakeCCompilerABI.c.o' '-c' '-mtune=generic' '-march=x86-64' '-dumpdir' 'CMakeFiles/cmTC_a22d9.dir/']
  ignore line: [ as -v --64 -o CMakeFiles/cmTC_a22d9.dir/CMakeCCompilerABI.c.o /tmp/cczobdUk.s]
  ignore line: [GNU assembler version 2.38 (x86_64-linux-gnu) using BFD version (GNU Binutils for Ubuntu) 2.38]
  ignore line: [COMPILER_PATH=/usr/lib/gcc/x86_64-linux-gnu/12/:/usr/lib/gcc/x86_64-linux-gnu/12/:/usr/lib/gcc/x86_64-linux-gnu/:/usr/lib/gcc/x86_64-linux-gnu/12/:/usr/lib/gcc/x86_64-linux-gnu/]
  ignore line: [LIBRARY_PATH=/usr/lib/gcc/x86_64-linux-gnu/12/:/usr/lib/gcc/x86_64-linux-gnu/12/../../../x86_64-linux-gnu/:/usr/lib/gcc/x86_64-linux-gnu/12/../../../../lib/:/lib/x86_64-linux-gnu/:/lib/../lib/:/usr/lib/x86_64-linux-gnu/:/usr/lib/../lib/:/usr/lib/gcc/x86_64-linux-gnu/12/../../../:/lib/:/usr/lib/]
  ignore line: [COLLECT_GCC_OPTIONS='-v' '-o' 'CMakeFiles/cmTC_a22d9.dir/CMakeCCompilerABI.c.o' '-c' '-mtune=generic' '-march=x86-64' '-dumpdir' 'CMakeFiles/cmTC_a22d9.dir/CMakeCCompilerABI.c.']
  ignore line: [Linking C executable cmTC_a22d9]
  ignore line: [/usr/bin/cmake -E cmake_link_script CMakeFiles/cmTC_a22d9.dir/link.txt --verbose=1]
  ignore line: [/usr/bin/cc  -v CMakeFiles/cmTC_a22d9.dir/CMakeCCompilerABI.c.o -o cmTC_a22d9 ]
  ignore line: [Using built-in specs.]
  ignore line: [COLLECT_GCC=/usr/bin/cc]
  ignore line: [COLLECT_LTO_WRAPPER=/usr/lib/gcc/x86_64-linux-gnu/12/lto-wrapper]
  ignore line: [OFFLOAD_TARGET_NAMES=nvptx-none:amdgcn-amdhsa]
  ignore line: [OFFLOAD_TARGET_DEFAULT=1]
  ignore line: [Target: x86_64-linux-gnu]
  ignore line: [Configured with: ../src/configure -v --with-pkgversion='Ubuntu 12.3.0-1ubuntu1~22.04' --with-bugurl=file:///usr/share/doc/gcc-12/README.Bugs --enable-languages=c ada c++ go d fortran objc obj-c++ m2 --prefix=/usr --with-gcc-major-version-only --program-suffix=-12 --program-prefix=x86_64-linux-gnu- --enable-shared --enable-linker-build-id --libexecdir=/usr/lib --without-included-gettext --enable-threads=posix --libdir=/usr/lib --enable-nls --enable-clocale=gnu --enable-libstdcxx-debug --enable-libstdcxx-time=yes --with-default-libstdcxx-abi=new --enable-gnu-unique-object --disable-vtable-verify --enable-plugin --enable-default-pie --with-system-zlib --enable-libphobos-checking=release --with-target-system-zlib=auto --enable-objc-gc=auto --enable-multiarch --disable-werror --enable-cet --with-arch-32=i686 --with-abi=m64 --with-multilib-list=m32 m64 mx32 --enable-multilib --with-tune=generic --enable-offload-targets=nvptx-none=/build/gcc-12-ALHxjy/gcc-12-12.3.0/debian/tmp-nvptx/usr amdgcn-amdhsa=/build/gcc-12-ALHxjy/gcc-12-12.3.0/debian/tmp-gcn/usr --enable-offload-defaulted --without-cuda-driver --enable-checking=release --build=x86_64-linux-gnu --host=x86_64-linux-gnu --target=x86_64-linux-gnu]
  ignore line: [Thread model: posix]
  ignore line: [Supported LTO compression algorithms: zlib zstd]
  ignore line: [gcc version 12.3.0 (Ubuntu 12.3.0-1ubuntu1~22.04) ]
  ignore line: [COMPILER_PATH=/usr/lib/gcc/x86_64-linux-gnu/12/:/usr/lib/gcc/x86_64-linux-gnu/12/:/usr/lib/gcc/x86_64-linux-gnu/:/usr/lib/gcc/x86_64-linux-gnu/12/:/usr/lib/gcc/x86_64-linux-gnu/]
  ignore line: [LIBRARY_PATH=/usr/lib/gcc/x86_64-linux-gnu/12/:/usr/lib/gcc/x86_64-linux-gnu/12/../../../x86_64-linux-gnu/:/usr/lib/gcc/x86_64-linux-gnu/12/../../../../lib/:/lib/x86_64-linux-gnu/:/lib/../lib/:/usr/lib/x86_64-linux-gnu/:/usr/lib/../lib/:/usr/lib/gcc/x86_64-linux-gnu/12/../../../:/lib/:/usr/lib/]
  ignore line: [COLLECT_GCC_OPTIONS='-v' '-o' 'cmTC_a22d9' '-mtune=generic' '-march=x86-64' '-dumpdir' 'cmTC_a22d9.']
  link line: [ /usr/lib/gcc/x86_64-linux-gnu/12/collect2 -plugin /usr/lib/gcc/x86_64-linux-gnu/12/liblto_plugin.so -plugin-opt=/usr/lib/gcc/x86_64-linux-gnu/12/lto-wrapper -plugin-opt=-fresolution=/tmp/ccbJjiPB.res -plugin-opt=-pass-through=-lgcc -plugin-opt=-pass-through=-lgcc_s -plugin-opt=-pass-through=-lc -plugin-opt=-pass-through=-lgcc -plugin-opt=-pass-through=-lgcc_s --build-id --eh-frame-hdr -m elf_x86_64 --hash-style=gnu --as-needed -dynamic-linker /lib64/ld-linux-x86-64.so.2 -pie -z now -z relro -o cmTC_a22d9 /usr/lib/gcc/x86_64-linux-gnu/12/../../../x86_64-linux-gnu/Scrt1.o /usr/lib/gcc/x86_64-linux-gnu/12/../../../x86_64-linux-gnu/crti.o /usr/lib/gcc/x86_64-linux-gnu/12/crtbeginS.o -L/usr/lib/gcc/x86_64-linux-gnu/12 -L/usr/lib/gcc/x86_64-linux-gnu/12/../../../x86_64-linux-gnu -L/usr/lib/gcc/x86_64-linux-gnu/12/../../../../lib -L/lib/x86_64-linux-gnu -L/lib/../lib -L/usr/lib/x86_64-linux-gnu -L/usr/lib/../lib -L/usr/lib/gcc/x86_64-linux-gnu/12/../../.. CMakeFiles/cmTC_a22d9.dir/CMakeCCompilerABI.c.o -lgcc --push-state --as-needed -lgcc_s --pop-state -lc -lgcc --push-state --as-needed -lgcc_s --pop-state /usr/lib/gcc/x86_64-linux-gnu/12/crtendS.o /usr/lib/gcc/x86_64-linux-gnu/12/../../../x86_64-linux-gnu/crtn.o]
    arg [/usr/lib/gcc/x86_64-linux-gnu/12/collect2] ==> ignore
    arg [-plugin] ==> ignore
    arg [/usr/lib/gcc/x86_64-linux-gnu/12/liblto_plugin.so] ==> ignore
    arg [-plugin-opt=/usr/lib/gcc/x86_64-linux-gnu/12/lto-wrapper] ==> ignore
    arg [-plugin-opt=-fresolution=/tmp/ccbJjiPB.res] ==> ignore
    arg [-plugin-opt=-pass-through=-lgcc] ==> ignore
    arg [-plugin-opt=-pass-through=-lgcc_s] ==> ignore
    arg [-plugin-opt=-pass-through=-lc] ==> ignore
    arg [-plugin-opt=-pass-through=-lgcc] ==> ignore
    arg [-plugin-opt=-pass-through=-lgcc_s] ==> ignore
    arg [--build-id] ==> ignore
    arg [--eh-frame-hdr] ==> ignore
    arg [-m] ==> ignore
    arg [elf_x86_64] ==> ignore
    arg [--hash-style=gnu] ==> ignore
    arg [--as-needed] ==> ignore
    arg [-dynamic-linker] ==> ignore
    arg [/lib64/ld-linux-x86-64.so.2] ==> ignore
    arg [-pie] ==> ignore
    arg [-znow] ==> ignore
    arg [-zrelro] ==> ignore
    arg [-o] ==> ignore
    arg [cmTC_a22d9] ==> ignore
    arg [/usr/lib/gcc/x86_64-linux-gnu/12/../../../x86_64-linux-gnu/Scrt1.o] ==> obj [/usr/lib/gcc/x86_64-linux-gnu/12/../../../x86_64-linux-gnu/Scrt1.o]
    arg [/usr/lib/gcc/x86_64-linux-gnu/12/../../../x86_64-linux-gnu/crti.o] ==> obj [/usr/lib/gcc/x86_64-linux-gnu/12/../../../x86_64-linux-gnu/crti.o]
    arg [/usr/lib/gcc/x86_64-linux-gnu/12/crtbeginS.o] ==> obj [/usr/lib/gcc/x86_64-linux-gnu/12/crtbeginS.o]
    arg [-L/usr/lib/gcc/x86_64-linux-gnu/12] ==> dir [/usr/lib/gcc/x86_64-linux-gnu/12]
    arg [-L/usr/lib/gcc/x86_64-linux-gnu/12/../../../x86_64-linux-gnu] ==> dir [/usr/lib/gcc/x86_64-linux-gnu/12/../../../x86_64-linux-gnu]
    arg [-L/usr/lib/gcc/x86_64-linux-gnu/12/../../../../lib] ==> dir [/usr/lib/gcc/x86_64-linux-gnu/12/../../../../lib]
    arg [-L/lib/x86_64-linux-gnu] ==> dir [/lib/x86_64-linux-gnu]
    arg [-L/lib/../lib] ==> dir [/lib/../lib]
    arg [-L/usr/lib/x86_64-linux-gnu] ==> dir [/usr/lib/x86_64-linux-gnu]
    arg [-L/usr/lib/../lib] ==> dir [/usr/lib/../lib]
    arg [-L/usr/lib/gcc/x86_64-linux-gnu/12/../../..] ==> dir [/usr/lib/gcc/x86_64-linux-gnu/12/../../..]
    arg [CMakeFiles/cmTC_a22d9.dir/CMakeCCompilerABI.c.o] ==> ignore
    arg [-lgcc] ==> lib [gcc]
    arg [--push-state] ==> ignore
    arg [--as-needed] ==> ignore
    arg [-lgcc_s] ==> lib [gcc_s]
    arg [--pop-state] ==> ignore
    arg [-lc] ==> lib [c]
    arg [-lgcc] ==> lib [gcc]
    arg [--push-state] ==> ignore
    arg [--as-needed] ==> ignore
    arg [-lgcc_s] ==> lib [gcc_s]
    arg [--pop-state] ==> ignore
    arg [/usr/lib/gcc/x86_64-linux-gnu/12/crtendS.o] ==> obj [/usr/lib/gcc/x86_64-linux-gnu/12/crtendS.o]
    arg [/usr/lib/gcc/x86_64-linux-gnu/12/../../../x86_64-linux-gnu/crtn.o] ==> obj [/usr/lib/gcc/x86_64-linux-gnu/12/../../../x86_64-linux-gnu/crtn.o]
  collapse obj [/usr/lib/gcc/x86_64-linux-gnu/12/../../../x86_64-linux-gnu/Scrt1.o] ==> [/usr/lib/x86_64-linux-gnu/Scrt1.o]
  collapse obj [/usr/lib/gcc/x86_64-linux-gnu/12/../../../x86_64-linux-gnu/crti.o] ==> [/usr/lib/x86_64-linux-gnu/crti.o]
  collapse obj [/usr/lib/gcc/x86_64-linux-gnu/12/../../../x86_64-linux-gnu/crtn.o] ==> [/usr/lib/x86_64-linux-gnu/crtn.o]
  collapse library dir [/usr/lib/gcc/x86_64-linux-gnu/12] ==> [/usr/lib/gcc/x86_64-linux-gnu/12]
  collapse library dir [/usr/lib/gcc/x86_64-linux-gnu/12/../../../x86_64-linux-gnu] ==> [/usr/lib/x86_64-linux-gnu]
  collapse library dir [/usr/lib/gcc/x86_64-linux-gnu/12/../../../../lib] ==> [/usr/lib]
  collapse library dir [/lib/x86_64-linux-gnu] ==> [/lib/x86_64-linux-gnu]
  collapse library dir [/lib/../lib] ==> [/lib]
  collapse library dir [/usr/lib/x86_64-linux-gnu] ==> [/usr/lib/x86_64-linux-gnu]
  collapse library dir [/usr/lib/../lib] ==> [/usr/lib]
  collapse library dir [/usr/lib/gcc/x86_64-linux-gnu/12/../../..] ==> [/usr/lib]
  implicit libs: [gcc;gcc_s;c;gcc;gcc_s]
  implicit objs: [/usr/lib/x86_64-linux-gnu/Scrt1.o;/usr/lib/x86_64-linux-gnu/crti.o;/usr/lib/gcc/x86_64-linux-gnu/12/crtbeginS.o;/usr/lib/gcc/x86_64-linux-gnu/12/crtendS.o;/usr/lib/x86_64-linux-gnu/crtn.o]
  implicit dirs: [/usr/lib/gcc/x86_64-linux-gnu/12;/usr/lib/x86_64-linux-gnu;/usr/lib;/lib/x86_64-linux-gnu;/lib]
  implicit fwks: []


Detecting CXX compiler ABI info compiled with the following output:
Change Dir: /home/jeff-wang/WorkloadAnalysis/comparedDBs/pebblesdb/release/CMakeFiles/CMakeTmp

Run Build Command(s):/usr/bin/gmake -f Makefile cmTC_1908a/fast && /usr/bin/gmake  -f CMakeFiles/cmTC_1908a.dir/build.make CMakeFiles/cmTC_1908a.dir/build
gmake[1]: Entering directory '/home/jeff-wang/WorkloadAnalysis/comparedDBs/pebblesdb/release/CMakeFiles/CMakeTmp'
Building CXX object CMakeFiles/cmTC_1908a.dir/CMakeCXXCompilerABI.cpp.o
/usr/bin/c++   -v -o CMakeFiles/cmTC_1908a.dir/CMakeCXXCompilerABI.cpp.o -c /usr/share/cmake-3.22/Modules/CMakeCXXCompilerABI.cpp
Using built-in specs.
COLLECT_GCC=/usr/bin/c++
OFFLOAD_TARGET_NAMES=nvptx-none:amdgcn-amdhsa
OFFLOAD_TARGET_DEFAULT=1
Target: x86_64-linux-gnu
Configured with: ../src/configure -v --with-pkgversion='Ubuntu 11.4.0-1ubuntu1~22.04' --with-bugurl=file:///usr/share/doc/gcc-11/README.Bugs --enable-languages=c,ada,c++,go,brig,d,fortran,objc,obj-c++,m2 --prefix=/usr --with-gcc-major-version-only --program-suffix=-11 --program-prefix=x86_64-linux-gnu- --enable-shared --enable-linker-build-id --libexecdir=/usr/lib --without-included-gettext --enable-threads=posix --libdir=/usr/lib --enable-nls --enable-bootstrap --enable-clocale=gnu --enable-libstdcxx-debug --enable-libstdcxx-time=yes --with-default-libstdcxx-abi=new --enable-gnu-unique-object --disable-vtable-verify --enable-plugin --enable-default-pie --with-system-zlib --enable-libphobos-checking=release --with-target-system-zlib=auto --enable-objc-gc=auto --enable-multiarch --disable-werror --enable-cet --with-arch-32=i686 --with-abi=m64 --with-multilib-list=m32,m64,mx32 --enable-multilib --with-tune=generic --enable-offload-targets=nvptx-none=/build/gcc-11-XeT9lY/gcc-11-11.4.0/debian/tmp-nvptx/usr,amdgcn-amdhsa=/build/gcc-11-XeT9lY/gcc-11-11.4.0/debian/tmp-gcn/usr --without-cuda-driver --enable-checking=release --build=x86_64-linux-gnu --host=x86_64-linux-gnu --target=x86_64-linux-gnu --with-build-config=bootstrap-lto-lean --enable-link-serialization=2
Thread model: posix
Supported LTO compression algorithms: zlib zstd
gcc version 11.4.0 (Ubuntu 11.4.0-1ubuntu1~22.04) 
COLLECT_GCC_OPTIONS='-v' '-o' 'CMakeFiles/cmTC_1908a.dir/CMakeCXXCompilerABI.cpp.o' '-c' '-shared-libgcc' '-mtune=generic' '-march=x86-64' '-dumpdir' 'CMakeFiles/cmTC_1908a.dir/'
 /usr/lib/gcc/x86_64-linux-gnu/11/cc1plus -quiet -v -imultiarch x86_64-linux-gnu -D_GNU_SOURCE /usr/share/cmake-3.22/Modules/CMakeCXXCompilerABI.cpp -quiet -dumpdir CMakeFiles/cmTC_1908a.dir/ -dumpbase CMakeCXXCompilerABI.cpp.cpp -dumpbase-ext .cpp -mtune=generic -march=x86-64 -version -fasynchronous-unwind-tables -fstack-protector-strong -Wformat -Wformat-security -fstack-clash-protection -fcf-protection -o /tmp/cct7cbJF.s
GNU C++17 (Ubuntu 11.4.0-1ubuntu1~22.04) version 11.4.0 (x86_64-linux-gnu)
	compiled by GNU C version 11.4.0, GMP version 6.2.1, MPFR version 4.1.0, MPC version 1.2.1, isl version isl-0.24-GMP

GGC heuristics: --param ggc-min-expand=100 --param ggc-min-heapsize=131072
ignoring duplicate directory "/usr/include/x86_64-linux-gnu/c++/11"
ignoring nonexistent directory "/usr/local/include/x86_64-linux-gnu"
ignoring nonexistent directory "/usr/lib/gcc/x86_64-linux-gnu/11/include-fixed"
ignoring nonexistent directory "/usr/lib/gcc/x86_64-linux-gnu/11/../../../../x86_64-linux-gnu/include"
#include "..." search starts here:
#include <...> search starts here:
 /usr/include/c++/11
 /usr/include/x86_64-linux-gnu/c++/11
 /usr/include/c++/11/backward
 /usr/lib/gcc/x86_64-linux-gnu/11/include
 /usr/local/include
 /usr/include/x86_64-linux-gnu
 /usr/include
End of search list.
GNU C++17 (Ubuntu 11.4.0-1ubuntu1~22.04) version 11.4.0 (x86_64-linux-gnu)
	compiled by GNU C version 11.4.0, GMP version 6.2.1, MPFR version 4.1.0, MPC version 1.2.1, isl version isl-0.24-GMP

GGC heuristics: --param ggc-min-expand=100 --param ggc-min-heapsize=131072
Compiler executable checksum: d591828bb4d392ae8b7b160e5bb0b95f
COLLECT_GCC_OPTIONS='-v' '-o' 'CMakeFiles/cmTC_1908a.dir/CMakeCXXCompilerABI.cpp.o' '-c' '-shared-libgcc' '-mtune=generic' '-march=x86-64' '-dumpdir' 'CMakeFiles/cmTC_1908a.dir/'
 as -v --64 -o CMakeFiles/cmTC_1908a.dir/CMakeCXXCompilerABI.cpp.o /tmp/cct7cbJF.s
GNU assembler version 2.38 (x86_64-linux-gnu) using BFD version (GNU Binutils for Ubuntu) 2.38
COMPILER_PATH=/usr/lib/gcc/x86_64-linux-gnu/11/:/usr/lib/gcc/x86_64-linux-gnu/11/:/usr/lib/gcc/x86_64-linux-gnu/:/usr/lib/gcc/x86_64-linux-gnu/11/:/usr/lib/gcc/x86_64-linux-gnu/
LIBRARY_PATH=/usr/lib/gcc/x86_64-linux-gnu/11/:/usr/lib/gcc/x86_64-linux-gnu/11/../../../x86_64-linux-gnu/:/usr/lib/gcc/x86_64-linux-gnu/11/../../../../lib/:/lib/x86_64-linux-gnu/:/lib/../lib/:/usr/lib/x86_64-linux-gnu/:/usr/lib/../lib/:/usr/lib/gcc/x86_64-linux-gnu/11/../../../:/lib/:/usr/lib/
COLLECT_GCC_OPTIONS='-v' '-o' 'CMakeFiles/cmTC_1908a.dir/CMakeCXXCompilerABI.cpp.o' '-c' '-shared-libgcc' '-mtune=generic' '-march=x86-64' '-dumpdir' 'CMakeFiles/cmTC_1908a.dir/CMakeCXXCompilerABI.cpp.'
Linking CXX executable cmTC_1908a
/usr/bin/cmake -E cmake_link_script CMakeFiles/cmTC_1908a.dir/link.txt --verbose=1
/usr/bin/c++  -v CMakeFiles/cmTC_1908a.dir/CMakeCXXCompilerABI.cpp.o -o cmTC_1908a 
Using built-in specs.
COLLECT_GCC=/usr/bin/c++
COLLECT_LTO_WRAPPER=/usr/lib/gcc/x86_64-linux-gnu/11/lto-wrapper
OFFLOAD_TARGET_NAMES=nvptx-none:amdgcn-amdhsa
OFFLOAD_TARGET_DEFAULT=1
Target: x86_64-linux-gnu
Configured with: ../src/configure -v --with-pkgversion='Ubuntu 11.4.0-1ubuntu1~22.04' --with-bugurl=file:///usr/share/doc/gcc-11/README.Bugs --enable-languages=c,ada,c++,go,brig,d,fortran,objc,obj-c++,m2 --prefix=/usr --with-gcc-major-version-only --program-suffix=-11 --program-prefix=x86_64-linux-gnu- --enable-shared --enable-linker-build-id --libexecdir=/usr/lib --without-included-gettext --enable-threads=posix --libdir=/usr/lib --enable-nls --enable-bootstrap --enable-clocale=gnu --enable-libstdcxx-debug --enable-libstdcxx-time=yes --with-default-libstdcxx-abi=new --enable-gnu-unique-object --disable-vtable-verify --enable-plugin --enable-default-pie --with-system-zlib --enable-libphobos-checking=release --with-target-system-zlib=auto --enable-objc-gc=auto --enable-multiarch --disable-werror --enable-cet --with-arch-32=i686 --with-abi=m64 --with-multilib-list=m32,m64,mx32 --enable-multilib --with-tune=generic --enable-offload-targets=nvptx-none=/build/gcc-11-XeT9lY/gcc-11-11.4.0/debian/tmp-nvptx/usr,amdgcn-amdhsa=/build/gcc-11-XeT9lY/gcc-11-11.4.0/debian/tmp-gcn/usr --without-cuda-driver --enable-checking=release --build=x86_64-linux-gnu --host=x86_64-linux-gnu --target=x86_64-linux-gnu --with-build-config=bootstrap-lto-lean --enable-link-serialization=2
Thread model: posix
Supported LTO compression algorithms: zlib zstd
gcc version 11.4.0 (Ubuntu 11.4.0-1ubuntu1~22.04) 
COMPILER_PATH=/usr/lib/gcc/x86_64-linux-gnu/11/:/usr/lib/gcc/x86_64-linux-gnu/11/:/usr/lib/gcc/x86_64-linux-gnu/:/usr/lib/gcc/x86_64-linux-gnu/11/:/usr/lib/gcc/x86_64-linux-gnu/
LIBRARY_PATH=/usr/lib/gcc/x86_64-linux-gnu/11/:/usr/lib/gcc/x86_64-linux-gnu/11/../../../x86_64-linux-gnu/:/usr/lib/gcc/x86_64-linux-gnu/11/../../../../lib/:/lib/x86_64-linux-gnu/:/lib/../lib/:/usr/lib/x86_64-linux-gnu/:/usr/lib/../lib/:/usr/lib/gcc/x86_64-linux-gnu/11/../../../:/lib/:/usr/lib/
COLLECT_GCC_OPTIONS='-v' '-o' 'cmTC_1908a' '-shared-libgcc' '-mtune=generic' '-march=x86-64' '-dumpdir' 'cmTC_1908a.'
 /usr/lib/gcc/x86_64-linux-gnu/11/collect2 -plugin /usr/lib/gcc/x86_64-linux-gnu/11/liblto_plugin.so -plugin-opt=/usr/lib/gcc/x86_64-linux-gnu/11/lto-wrapper -plugin-opt=-fresolution=/tmp/ccMwMY6z.res -plugin-opt=-pass-through=-lgcc_s -plugin-opt=-pass-through=-lgcc -plugin-opt=-pass-through=-lc -plugin-opt=-pass-through=-lgcc_s -plugin-opt=-pass-through=-lgcc --build-id --eh-frame-hdr -m elf_x86_64 --hash-style=gnu --as-needed -dynamic-linker /lib64/ld-linux-x86-64.so.2 -pie -z now -z relro -o cmTC_1908a /usr/lib/gcc/x86_64-linux-gnu/11/../../../x86_64-linux-gnu/Scrt1.o /usr/lib/gcc/x86_64-linux-gnu/11/../../../x86_64-linux-gnu/crti.o /usr/lib/gcc/x86_64-linux-gnu/11/crtbeginS.o -L/usr/lib/gcc/x86_64-linux-gnu/11 -L/usr/lib/gcc/x86_64-linux-gnu/11/../../../x86_64-linux-gnu -L/usr/lib/gcc/x86_64-linux-gnu/11/../../../../lib -L/lib/x86_64-linux-gnu -L/lib/../lib -L/usr/lib/x86_64-linux-gnu -L/usr/lib/../lib -L/usr/lib/gcc/x86_64-linux-gnu/11/../../.. CMakeFiles/cmTC_1908a.dir/CMakeCXXCompilerABI.cpp.o -lstdc++ -lm -lgcc_s -lgcc -lc -lgcc_s -lgcc /usr/lib/gcc/x86_64-linux-gnu/11/crtendS.o /usr/lib/gcc/x86_64-linux-gnu/11/../../../x86_64-linux-gnu/crtn.o
COLLECT_GCC_OPTIONS='-v' '-o' 'cmTC_1908a' '-shared-libgcc' '-mtune=generic' '-march=x86-64' '-dumpdir' 'cmTC_1908a.'
gmake[1]: Leaving directory '/home/jeff-wang/WorkloadAnalysis/comparedDBs/pebblesdb/release/CMakeFiles/CMakeTmp'



Parsed CXX implicit include dir info from above output: rv=done
  found start of include info
  found start of implicit include info
    add: [/usr/include/c++/11]
    add: [/usr/include/x86_64-linux-gnu/c++/11]
    add: [/usr/include/c++/11/backward]
    add: [/usr/lib/gcc/x86_64-linux-gnu/11/include]
    add: [/usr/local/include]
    add: [/usr/include/x86_64-linux-gnu]
    add: [/usr/include]
  end of search list found
  collapse include dir [/usr/include/c++/11] ==> [/usr/include/c++/11]
  collapse include dir [/usr/include/x86_64-linux-gnu/c++/11] ==> [/usr/include/x86_64-linux-gnu/c++/11]
  collapse include dir [/usr/include/c++/11/backward] ==> [/usr/include/c++/11/backward]
  collapse include dir [/usr/lib/gcc/x86_64-linux-gnu/11/include] ==> [/usr/lib/gcc/x86_64-linux-gnu/11/include]
  collapse include dir [/usr/local/include] ==> [/usr/local/include]
  collapse include dir [/usr/include/x86_64-linux-gnu] ==> [/usr/include/x86_64-linux-gnu]
  collapse include dir [/usr/include] ==> [/usr/include]
  implicit include dirs: [/usr/include/c++/11;/usr/include/x86_64-linux-gnu/c++/11;/usr/include/c++/11/backward;/usr/lib/gcc/x86_64-linux-gnu/11/include;/usr/local/include;/usr/include/x86_64-linux-gnu;/usr/include]


Parsed CXX implicit link information from above output:
  link line regex: [^( *|.*[/\])(ld|CMAKE_LINK_STARTFILE-NOTFOUND|([^/\]+-)?ld|collect2)[^/\]*( |$)]
  ignore line: [Change Dir: /home/jeff-wang/WorkloadAnalysis/comparedDBs/pebblesdb/release/CMakeFiles/CMakeTmp]
  ignore line: []
  ignore line: [Run Build Command(s):/usr/bin/gmake -f Makefile cmTC_1908a/fast && /usr/bin/gmake  -f CMakeFiles/cmTC_1908a.dir/build.make CMakeFiles/cmTC_1908a.dir/build]
  ignore line: [gmake[1]: Entering directory '/home/jeff-wang/WorkloadAnalysis/comparedDBs/pebblesdb/release/CMakeFiles/CMakeTmp']
  ignore line: [Building CXX object CMakeFiles/cmTC_1908a.dir/CMakeCXXCompilerABI.cpp.o]
  ignore line: [/usr/bin/c++   -v -o CMakeFiles/cmTC_1908a.dir/CMakeCXXCompilerABI.cpp.o -c /usr/share/cmake-3.22/Modules/CMakeCXXCompilerABI.cpp]
  ignore line: [Using built-in specs.]
  ignore line: [COLLECT_GCC=/usr/bin/c++]
  ignore line: [OFFLOAD_TARGET_NAMES=nvptx-none:amdgcn-amdhsa]
  ignore line: [OFFLOAD_TARGET_DEFAULT=1]
  ignore line: [Target: x86_64-linux-gnu]
  ignore line: [Configured with: ../src/configure -v --with-pkgversion='Ubuntu 11.4.0-1ubuntu1~22.04' --with-bugurl=file:///usr/share/doc/gcc-11/README.Bugs --enable-languages=c ada c++ go brig d fortran objc obj-c++ m2 --prefix=/usr --with-gcc-major-version-only --program-suffix=-11 --program-prefix=x86_64-linux-gnu- --enable-shared --enable-linker-build-id --libexecdir=/usr/lib --without-included-gettext --enable-threads=posix --libdir=/usr/lib --enable-nls --enable-bootstrap --enable-clocale=gnu --enable-libstdcxx-debug --enable-libstdcxx-time=yes --with-default-libstdcxx-abi=new --enable-gnu-unique-object --disable-vtable-verify --enable-plugin --enable-default-pie --with-system-zlib --enable-libphobos-checking=release --with-target-system-zlib=auto --enable-objc-gc=auto --enable-multiarch --disable-werror --enable-cet --with-arch-32=i686 --with-abi=m64 --with-multilib-list=m32 m64 mx32 --enable-multilib --with-tune=generic --enable-offload-targets=nvptx-none=/build/gcc-11-XeT9lY/gcc-11-11.4.0/debian/tmp-nvptx/usr amdgcn-amdhsa=/build/gcc-11-XeT9lY/gcc-11-11.4.0/debian/tmp-gcn/usr --without-cuda-driver --enable-checking=release --build=x86_64-linux-gnu --host=x86_64-linux-gnu --target=x86_64-linux-gnu --with-build-config=bootstrap-lto-lean --enable-link-serialization=2]
  ignore line: [Thread model: posix]
  ignore line: [Supported LTO compression algorithms: zlib zstd]
  ignore line: [gcc version 11.4.0 (Ubuntu 11.4.0-1ubuntu1~22.04) ]
  ignore line: [COLLECT_GCC_OPTIONS='-v' '-o' 'CMakeFiles/cmTC_1908a.dir/CMakeCXXCompilerABI.cpp.o' '-c' '-shared-libgcc' '-mtune=generic' '-march=x86-64' '-dumpdir' 'CMakeFiles/cmTC_1908a.dir/']
  ignore line: [ /usr/lib/gcc/x86_64-linux-gnu/11/cc1plus -quiet -v -imultiarch x86_64-linux-gnu -D_GNU_SOURCE /usr/share/cmake-3.22/Modules/CMakeCXXCompilerABI.cpp -quiet -dumpdir CMakeFiles/cmTC_1908a.dir/ -dumpbase CMakeCXXCompilerABI.cpp.cpp -dumpbase-ext .cpp -mtune=generic -march=x86-64 -version -fasynchronous-unwind-tables -fstack-protector-strong -Wformat -Wformat-security -fstack-clash-protection -fcf-protection -o /tmp/cct7cbJF.s]
  ignore line: [GNU C++17 (Ubuntu 11.4.0-1ubuntu1~22.04) version 11.4.0 (x86_64-linux-gnu)]
  ignore line: [	compiled by GNU C version 11.4.0  GMP version 6.2.1  MPFR version 4.1.0  MPC version 1.2.1  isl version isl-0.24-GMP]
  ignore line: []
  ignore line: [GGC heuristics: --param ggc-min-expand=100 --param ggc-min-heapsize=131072]
  ignore line: [ignoring duplicate directory "/usr/include/x86_64-linux-gnu/c++/11"]
  ignore line: [ignoring nonexistent directory "/usr/local/include/x86_64-linux-gnu"]
  ignore line: [ignoring nonexistent directory "/usr/lib/gcc/x86_64-linux-gnu/11/include-fixed"]
  ignore line: [ignoring nonexistent directory "/usr/lib/gcc/x86_64-linux-gnu/11/../../../../x86_64-linux-gnu/include"]
  ignore line: [#include "..." search starts here:]
  ignore line: [#include <...> search starts here:]
  ignore line: [ /usr/include/c++/11]
  ignore line: [ /usr/include/x86_64-linux-gnu/c++/11]
  ignore line: [ /usr/include/c++/11/backward]
  ignore line: [ /usr/lib/gcc/x86_64-linux-gnu/11/include]
  ignore line: [ /usr/local/include]
  ignore line: [ /usr/include/x86_64-linux-gnu]
  ignore line: [ /usr/include]
  ignore line: [End of search list.]
  ignore line: [GNU C++17 (Ubuntu 11.4.0-1ubuntu1~22.04) version 11.4.0 (x86_64-linux-gnu)]
  ignore line: [	compiled by GNU C version 11.4.0  GMP version 6.2.1  MPFR version 4.1.0  MPC version 1.2.1  isl version isl-0.24-GMP]
  ignore line: []
  ignore line: [GGC heuristics: --param ggc-min-expand=100 --param ggc-min-heapsize=131072]
  ignore line: [Compiler executable checksum: d591828bb4d392ae8b7b160e5bb0b95f]
  ignore line: [COLLECT_GCC_OPTIONS='-v' '-o' 'CMakeFiles/cmTC_1908a.dir/CMakeCXXCompilerABI.cpp.o' '-c' '-shared-libgcc' '-mtune=generic' '-march=x86-64' '-dumpdir' 'CMakeFiles/cmTC_1908a.dir/']
  ignore line: [ as -v --64 -o CMakeFiles/cmTC_1908a.dir/CMakeCXXCompilerABI.cpp.o /tmp/cct7cbJF.s]
  ignore line: [GNU assembler version 2.38 (x86_64-linux-gnu) using BFD version (GNU Binutils for Ubuntu) 2.38]
  ignore line: [COMPILER_PATH=/usr/lib/gcc/x86_64-linux-gnu/11/:/usr/lib/gcc/x86_64-linux-gnu/11/:/usr/lib/gcc/x86_64-linux-gnu/:/usr/lib/gcc/x86_64-linux-gnu/11/:/usr/lib/gcc/x86_64-linux-gnu/]
  ignore line: [LIBRARY_PATH=/usr/lib/gcc/x86_64-linux-gnu/11/:/usr/lib/gcc/x86_64-linux-gnu/11/../../../x86_64-linux-gnu/:/usr/lib/gcc/x86_64-linux-gnu/11/../../../../lib/:/lib/x86_64-linux-gnu/:/lib/../lib/:/usr/lib/x86_64-linux-gnu/:/usr/lib/../lib/:/usr/lib/gcc/x86_64-linux-gnu/11/../../../:/lib/:/usr/lib/]
  ignore line: [COLLECT_GCC_OPTIONS='-v' '-o' 'CMakeFiles/cmTC_1908a.dir/CMakeCXXCompilerABI.cpp.o' '-c' '-shared-libgcc' '-mtune=generic' '-march=x86-64' '-dumpdir' 'CMakeFiles/cmTC_1908a.dir/CMakeCXXCompilerABI.cpp.']
  ignore line: [Linking CXX executable cmTC_1908a]
  ignore line: [/usr/bin/cmake -E cmake_link_script CMakeFiles/cmTC_1908a.dir/link.txt --verbose=1]
  ignore line: [/usr/bin/c++  -v CMakeFiles/cmTC_1908a.dir/CMakeCXXCompilerABI.cpp.o -o cmTC_1908a ]
  ignore line: [Using built-in specs.]
  ignore line: [COLLECT_GCC=/usr/bin/c++]
  ignore line: [COLLECT_LTO_WRAPPER=/usr/lib/gcc/x86_64-linux-gnu/11/lto-wrapper]
  ignore line: [OFFLOAD_TARGET_NAMES=nvptx-none:amdgcn-amdhsa]
  ignore line: [OFFLOAD_TARGET_DEFAULT=1]
  ignore line: [Target: x86_64-linux-gnu]
  ignore line: [Configured with: ../src/configure -v --with-pkgversion='Ubuntu 11.4.0-1ubuntu1~22.04' --with-bugurl=file:///usr/share/doc/gcc-11/README.Bugs --enable-languages=c ada c++ go brig d fortran objc obj-c++ m2 --prefix=/usr --with-gcc-major-version-only --program-suffix=-11 --program-prefix=x86_64-linux-gnu- --enable-shared --enable-linker-build-id --libexecdir=/usr/lib --without-included-gettext --enable-threads=posix --libdir=/usr/lib --enable-nls --enable-bootstrap --enable-clocale=gnu --enable-libstdcxx-debug --enable-libstdcxx-time=yes --with-default-libstdcxx-abi=new --enable-gnu-unique-object --disable-vtable-verify --enable-plugin --enable-default-pie --with-system-zlib --enable-libphobos-checking=release --with-target-system-zlib=auto --enable-objc-gc=auto --enable-multiarch --disable-werror --enable-cet --with-arch-32=i686 --with-abi=m64 --with-multilib-list=m32 m64 mx32 --enable-multilib --with-tune=generic --enable-offload-targets=nvptx-none=/build/gcc-11-XeT9lY/gcc-11-11.4.0/debian/tmp-nvptx/usr amdgcn-amdhsa=/build/gcc-11-XeT9lY/gcc-11-11.4.0/debian/tmp-gcn/usr --without-cuda-driver --enable-checking=release --build=x86_64-linux-gnu --host=x86_64-linux-gnu --target=x86_64-linux-gnu --with-build-config=bootstrap-lto-lean --enable-link-serialization=2]
  ignore line: [Thread model: posix]
  ignore line: [Supported LTO compression algorithms: zlib zstd]
  ignore line: [gcc version 11.4.0 (Ubuntu 11.4.0-1ubuntu1~22.04) ]
  ignore line: [COMPILER_PATH=/usr/lib/gcc/x86_64-linux-gnu/11/:/usr/lib/gcc/x86_64-linux-gnu/11/:/usr/lib/gcc/x86_64-linux-gnu/:/usr/lib/gcc/x86_64-linux-gnu/11/:/usr/lib/gcc/x86_64-linux-gnu/]
  ignore line: [LIBRARY_PATH=/usr/lib/gcc/x86_64-linux-gnu/11/:/usr/lib/gcc/x86_64-linux-gnu/11/../../../x86_64-linux-gnu/:/usr/lib/gcc/x86_64-linux-gnu/11/../../../../lib/:/lib/x86_64-linux-gnu/:/lib/../lib/:/usr/lib/x86_64-linux-gnu/:/usr/lib/../lib/:/usr/lib/gcc/x86_64-linux-gnu/11/../../../:/lib/:/usr/lib/]
  ignore line: [COLLECT_GCC_OPTIONS='-v' '-o' 'cmTC_1908a' '-shared-libgcc' '-mtune=generic' '-march=x86-64' '-dumpdir' 'cmTC_1908a.']
  link line: [ /usr/lib/gcc/x86_64-linux-gnu/11/collect2 -plugin /usr/lib/gcc/x86_64-linux-gnu/11/liblto_plugin.so -plugin-opt=/usr/lib/gcc/x86_64-linux-gnu/11/lto-wrapper -plugin-opt=-fresolution=/tmp/ccMwMY6z.res -plugin-opt=-pass-through=-lgcc_s -plugin-opt=-pass-through=-lgcc -plugin-opt=-pass-through=-lc -plugin-opt=-pass-through=-lgcc_s -plugin-opt=-pass-through=-lgcc --build-id --eh-frame-hdr -m elf_x86_64 --hash-style=gnu --as-needed -dynamic-linker /lib64/ld-linux-x86-64.so.2 -pie -z now -z relro -o cmTC_1908a /usr/lib/gcc/x86_64-linux-gnu/11/../../../x86_64-linux-gnu/Scrt1.o /usr/lib/gcc/x86_64-linux-gnu/11/../../../x86_64-linux-gnu/crti.o /usr/lib/gcc/x86_64-linux-gnu/11/crtbeginS.o -L/usr/lib/gcc/x86_64-linux-gnu/11 -L/usr/lib/gcc/x86_64-linux-gnu/11/../../../x86_64-linux-gnu -L/usr/lib/gcc/x86_64-linux-gnu/11/../../../../lib -L/lib/x86_64-linux-gnu -L/lib/../lib -L/usr/lib/x86_64-linux-gnu -L/usr/lib/../lib -L/usr/lib/gcc/x86_64-linux-gnu/11/../../.. CMakeFiles/cmTC_1908a.dir/CMakeCXXCompilerABI.cpp.o -lstdc++ -lm -lgcc_s -lgcc -lc -lgcc_s -lgcc /usr/lib/gcc/x86_64-linux-gnu/11/crtendS.o /usr/lib/gcc/x86_64-linux-gnu/11/../../../x86_64-linux-gnu/crtn.o]
    arg [/usr/lib/gcc/x86_64-linux-gnu/11/collect2] ==> ignore
    arg [-plugin] ==> ignore
    arg [/usr/lib/gcc/x86_64-linux-gnu/11/liblto_plugin.so] ==> ignore
    arg [-plugin-opt=/usr/lib/gcc/x86_64-linux-gnu/11/lto-wrapper] ==> ignore
    arg [-plugin-opt=-fresolution=/tmp/ccMwMY6z.res] ==> ignore
    arg [-plugin-opt=-pass-through=-lgcc_s] ==> ignore
    arg [-plugin-opt=-pass-through=-lgcc] ==> ignore
    arg [-plugin-opt=-pass-through=-lc] ==> ignore
    arg [-plugin-opt=-pass-through=-lgcc_s] ==> ignore
    arg [-plugin-opt=-pass-through=-lgcc] ==> ignore
    arg [--build-id] ==> ignore
    arg [--eh-frame-hdr] ==> ignore
    arg [-m] ==> ignore
    arg [elf_x86_64] ==> ignore
    arg [--hash-style=gnu] ==> ignore
    arg [--as-needed] ==> ignore
    arg [-dynamic-linker] ==> ignore
    arg [/lib64/ld-linux-x86-64.so.2] ==> ignore
    arg [-pie] ==> ignore
    arg [-znow] ==> ignore
    arg [-zrelro] ==> ignore
    arg [-o] ==> ignore
    arg [cmTC_1908a] ==> ignore
    arg [/usr/lib/gcc/x86_64-linux-gnu/11/../../../x86_64-linux-gnu/Scrt1.o] ==> obj [/usr/lib/gcc/x86_64-linux-gnu/11/../../../x86_64-linux-gnu/Scrt1.o]
    arg [/usr/lib/gcc/x86_64-linux-gnu/11/../../../x86_64-linux-gnu/crti.o] ==> obj [/usr/lib/gcc/x86_64-linux-gnu/11/../../../x86_64-linux-gnu/crti.o]
    arg [/usr/lib/gcc/x86_64-linux-gnu/11/crtbeginS.o] ==> obj [/usr/lib/gcc/x86_64-linux-gnu/11/crtbeginS.o]
    arg [-L/usr/lib/gcc/x86_64-linux-gnu/11] ==> dir [/usr/lib/gcc/x86_64-linux-gnu/11]
    arg [-L/usr/lib/gcc/x86_64-linux-gnu/11/../../../x86_64-linux-gnu] ==> dir [/usr/lib/gcc/x86_64-linux-gnu/11/../../../x86_64-linux-gnu]
    arg [-L/usr/lib/gcc/x86_64-linux-gnu/11/../../../../lib] ==> dir [/usr/lib/gcc/x86_64-linux-gnu/11/../../../../lib]
    arg [-L/lib/x86_64-linux-gnu] ==> dir [/lib/x86_64-linux-gnu]
    arg [-L/lib/../lib] ==> dir [/lib/../lib]
    arg [-L/usr/lib/x86_64-linux-gnu] ==> dir [/usr/lib/x86_64-linux-gnu]
    arg [-L/usr/lib/../lib] ==> dir [/usr/lib/../lib]
    arg [-L/usr/lib/gcc/x86_64-linux-gnu/11/../../..] ==> dir [/usr/lib/gcc/x86_64-linux-gnu/11/../../..]
    arg [CMakeFiles/cmTC_1908a.dir/CMakeCXXCompilerABI.cpp.o] ==> ignore
    arg [-lstdc++] ==> lib [stdc++]
    arg [-lm] ==> lib [m]
    arg [-lgcc_s] ==> lib [gcc_s]
    arg [-lgcc] ==> lib [gcc]
    arg [-lc] ==> lib [c]
    arg [-lgcc_s] ==> lib [gcc_s]
    arg [-lgcc] ==> lib [gcc]
    arg [/usr/lib/gcc/x86_64-linux-gnu/11/crtendS.o] ==> obj [/usr/lib/gcc/x86_64-linux-gnu/11/crtendS.o]
    arg [/usr/lib/gcc/x86_64-linux-gnu/11/../../../x86_64-linux-gnu/crtn.o] ==> obj [/usr/lib/gcc/x86_64-linux-gnu/11/../../../x86_64-linux-gnu/crtn.o]
  collapse obj [/usr/lib/gcc/x86_64-linux-gnu/11/../../../x86_64-linux-gnu/Scrt1.o] ==> [/usr/lib/x86_64-linux-gnu/Scrt1.o]
  collapse obj [/usr/lib/gcc/x86_64-linux-gnu/11/../../../x86_64-linux-gnu/crti.o] ==> [/usr/lib/x86_64-linux-gnu/crti.o]
  collapse obj [/usr/lib/gcc/x86_64-linux-gnu/11/../../../x86_64-linux-gnu/crtn.o] ==> [/usr/lib/x86_64-linux-gnu/crtn.o]
  collapse library dir [/usr/lib/gcc/x86_64-linux-gnu/11] ==> [/usr/lib/gcc/x86_64-linux-gnu/11]
  collapse library dir [/usr/lib/gcc/x86_64-linux-gnu/11/../../../x86_64-linux-gnu] ==> [/usr/lib/x86_64-linux-gnu]
  collapse library dir [/usr/lib/gcc/x86_64-linux-gnu/11/../../../../lib] ==> [/usr/lib]
  collapse library dir [/lib/x86_64-linux-gnu] ==> [/lib/x86_64-linux-gnu]
  collapse library dir [/lib/../lib] ==> [/lib]
  collapse library dir [/usr/lib/x86_64-linux-gnu] ==> [/usr/lib/x86_64-linux-gnu]
  collapse library dir [/usr/lib/../lib] ==> [/usr/lib]
  collapse library dir [/usr/lib/gcc/x86_64-linux-gnu/11/../../..] ==> [/usr/lib]
  implicit libs: [stdc++;m;gcc_s;gcc;c;gcc_s;gcc]
  implicit objs: [/usr/lib/x86_64-linux-gnu/Scrt1.o;/usr/lib/x86_64-linux-gnu/crti.o;/usr/lib/gcc/x86_64-linux-gnu/11/crtbeginS.o;/usr/lib/gcc/x86_64-linux-gnu/11/crtendS.o;/usr/lib/x86_64-linux-gnu/crtn.o]
  implicit dirs: [/usr/lib/gcc/x86_64-linux-gnu/11;/usr/lib/x86_64-linux-gnu;/usr/lib;/lib/x86_64-linux-gnu;/lib]
  implicit fwks: []


Performing C++ SOURCE FILE Test COMPILER_SUPPORTS_MEMCMP succeeded with the following output:
Change Dir: /home/jeff-wang/WorkloadAnalysis/comparedDBs/pebblesdb/release/CMakeFiles/CMakeTmp

Run Build Command(s):/usr/bin/gmake -f Makefile cmTC_735bf/fast && /usr/bin/gmake  -f CMakeFiles/cmTC_735bf.dir/build.make CMakeFiles/cmTC_735bf.dir/build
gmake[1]: Entering directory '/home/jeff-wang/WorkloadAnalysis/comparedDBs/pebblesdb/release/CMakeFiles/CMakeTmp'
Building CXX object CMakeFiles/cmTC_735bf.dir/src.cxx.o
/usr/bin/c++ -DCOMPILER_SUPPORTS_MEMCMP  -std=c++11 -Wall -Wno-variadic-macros    -fno-builtin-memcmp -std=c++11 -o CMakeFiles/cmTC_735bf.dir/src.cxx.o -c /home/jeff-wang/WorkloadAnalysis/comparedDBs/pebblesdb/release/CMakeFiles/CMakeTmp/src.cxx
Linking CXX executable cmTC_735bf
/usr/bin/cmake -E cmake_link_script CMakeFiles/cmTC_735bf.dir/link.txt --verbose=1
/usr/bin/c++  -std=c++11 -Wall -Wno-variadic-macros  CMakeFiles/cmTC_735bf.dir/src.cxx.o -o cmTC_735bf 
gmake[1]: Leaving directory '/home/jeff-wang/WorkloadAnalysis/comparedDBs/pebblesdb/release/CMakeFiles/CMakeTmp'


Source file was:
int main() { return 0; }
Performing C++ SOURCE FILE Test COMPILER_SUPPORTS_MEMMOVE succeeded with the following output:
Change Dir: /home/jeff-wang/WorkloadAnalysis/comparedDBs/pebblesdb/release/CMakeFiles/CMakeTmp

Run Build Command(s):/usr/bin/gmake -f Makefile cmTC_705b3/fast && /usr/bin/gmake  -f CMakeFiles/cmTC_705b3.dir/build.make CMakeFiles/cmTC_705b3.dir/build
gmake[1]: Entering directory '/home/jeff-wang/WorkloadAnalysis/comparedDBs/pebblesdb/release/CMakeFiles/CMakeTmp'
Building CXX object CMakeFiles/cmTC_705b3.dir/src.cxx.o
/usr/bin/c++ -DCOMPILER_SUPPORTS_MEMMOVE  -std=c++11 -Wall -Wno-variadic-macros    -fno-builtin-memmove -std=c++11 -o CMakeFiles/cmTC_705b3.dir/src.cxx.o -c /home/jeff-wang/WorkloadAnalysis/comparedDBs/pebblesdb/release/CMakeFiles/CMakeTmp/src.cxx
Linking CXX executable cmTC_705b3
/usr/bin/cmake -E cmake_link_script CMakeFiles/cmTC_705b3.dir/link.txt --verbose=1
/usr/bin/c++  -std=c++11 -Wall -Wno-variadic-macros  CMakeFiles/cmTC_705b3.dir/src.cxx.o -o cmTC_705b3 
gmake[1]: Leaving directory '/home/jeff-wang/WorkloadAnalysis/comparedDBs/pebblesdb/release/CMakeFiles/CMakeTmp'


Source file was:
int main() { return 0; }
Determining if the include file endian.h exists passed with the following output:
Change Dir: /home/jeff-wang/WorkloadAnalysis/comparedDBs/pebblesdb/release/CMakeFiles/CMakeTmp

Run Build Command(s):/usr/bin/gmake -f Makefile cmTC_36512/fast && /usr/bin/gmake  -f CMakeFiles/cmTC_36512.dir/build.make CMakeFiles/cmTC_36512.dir/build
gmake[1]: Entering directory '/home/jeff-wang/WorkloadAnalysis/comparedDBs/pebblesdb/release/CMakeFiles/CMakeTmp'
Building C object CMakeFiles/cmTC_36512.dir/CheckIncludeFile.c.o
/usr/bin/cc    -o CMakeFiles/cmTC_36512.dir/CheckIncludeFile.c.o -c /home/jeff-wang/WorkloadAnalysis/comparedDBs/pebblesdb/release/CMakeFiles/CMakeTmp/CheckIncludeFile.c
Linking C executable cmTC_36512
/usr/bin/cmake -E cmake_link_script CMakeFiles/cmTC_36512.dir/link.txt --verbose=1
/usr/bin/cc CMakeFiles/cmTC_36512.dir/CheckIncludeFile.c.o -o cmTC_36512 
gmake[1]: Leaving directory '/home/jeff-wang/WorkloadAnalysis/comparedDBs/pebblesdb/release/CMakeFiles/CMakeTmp'



Determining if the include file sys/types.h exists passed with the following output:
Change Dir: /home/jeff-wang/WorkloadAnalysis/comparedDBs/pebblesdb/release/CMakeFiles/CMakeTmp

Run Build Command(s):/usr/bin/gmake -f Makefile cmTC_ede61/fast && /usr/bin/gmake  -f CMakeFiles/cmTC_ede61.dir/build.make CMakeFiles/cmTC_ede61.dir/build
gmake[1]: Entering directory '/home/jeff-wang/WorkloadAnalysis/comparedDBs/pebblesdb/release/CMakeFiles/CMakeTmp'
Building C object CMakeFiles/cmTC_ede61.dir/CheckIncludeFile.c.o
/usr/bin/cc    -o CMakeFiles/cmTC_ede61.dir/CheckIncludeFile.c.o -c /home/jeff-wang/WorkloadAnalysis/comparedDBs/pebblesdb/release/CMakeFiles/CMakeTmp/CheckIncludeFile.c
Linking C executable cmTC_ede61
/usr/bin/cmake -E cmake_link_script CMakeFiles/cmTC_ede61.dir/link.txt --verbose=1
/usr/bin/cc CMakeFiles/cmTC_ede61.dir/CheckIncludeFile.c.o -o cmTC_ede61 
gmake[1]: Leaving directory '/home/jeff-wang/WorkloadAnalysis/comparedDBs/pebblesdb/release/CMakeFiles/CMakeTmp'



Determining if the include file dlfcn.h exists passed with the following output:
Change Dir: /home/jeff-wang/WorkloadAnalysis/comparedDBs/pebblesdb/release/CMakeFiles/CMakeTmp

Run Build Command(s):/usr/bin/gmake -f Makefile cmTC_2af4b/fast && /usr/bin/gmake  -f CMakeFiles/cmTC_2af4b.dir/build.make CMakeFiles/cmTC_2af4b.dir/build
gmake[1]: Entering directory '/home/jeff-wang/WorkloadAnalysis/comparedDBs/pebblesdb/release/CMakeFiles/CMakeTmp'
Building C object CMakeFiles/cmTC_2af4b.dir/CheckIncludeFile.c.o
/usr/bin/cc    -o CMakeFiles/cmTC_2af4b.dir/CheckIncludeFile.c.o -c /home/jeff-wang/WorkloadAnalysis/comparedDBs/pebblesdb/release/CMakeFiles/CMakeTmp/CheckIncludeFile.c
Linking C executable cmTC_2af4b
/usr/bin/cmake -E cmake_link_script CMakeFiles/cmTC_2af4b.dir/link.txt --verbose=1
/usr/bin/cc CMakeFiles/cmTC_2af4b.dir/CheckIncludeFile.c.o -o cmTC_2af4b 
gmake[1]: Leaving directory '/home/jeff-wang/WorkloadAnalysis/comparedDBs/pebblesdb/release/CMakeFiles/CMakeTmp'



Determining if the include file inttypes.h exists passed with the following output:
Change Dir: /home/jeff-wang/WorkloadAnalysis/comparedDBs/pebblesdb/release/CMakeFiles/CMakeTmp

Run Build Command(s):/usr/bin/gmake -f Makefile cmTC_c1c5c/fast && /usr/bin/gmake  -f CMakeFiles/cmTC_c1c5c.dir/build.make CMakeFiles/cmTC_c1c5c.dir/build
gmake[1]: Entering directory '/home/jeff-wang/WorkloadAnalysis/comparedDBs/pebblesdb/release/CMakeFiles/CMakeTmp'
Building C object CMakeFiles/cmTC_c1c5c.dir/CheckIncludeFile.c.o
/usr/bin/cc    -o CMakeFiles/cmTC_c1c5c.dir/CheckIncludeFile.c.o -c /home/jeff-wang/WorkloadAnalysis/comparedDBs/pebblesdb/release/CMakeFiles/CMakeTmp/CheckIncludeFile.c
Linking C executable cmTC_c1c5c
/usr/bin/cmake -E cmake_link_script CMakeFiles/cmTC_c1c5c.dir/link.txt --verbose=1
/usr/bin/cc CMakeFiles/cmTC_c1c5c.dir/CheckIncludeFile.c.o -o cmTC_c1c5c 
gmake[1]: Leaving directory '/home/jeff-wang/WorkloadAnalysis/comparedDBs/pebblesdb/release/CMakeFiles/CMakeTmp'



Determining if the include file memory.h exists passed with the following output:
Change Dir: /home/jeff-wang/WorkloadAnalysis/comparedDBs/pebblesdb/release/CMakeFiles/CMakeTmp

Run Build Command(s):/usr/bin/gmake -f Makefile cmTC_e7bd6/fast && /usr/bin/gmake  -f CMakeFiles/cmTC_e7bd6.dir/build.make CMakeFiles/cmTC_e7bd6.dir/build
gmake[1]: Entering directory '/home/jeff-wang/WorkloadAnalysis/comparedDBs/pebblesdb/release/CMakeFiles/CMakeTmp'
Building C object CMakeFiles/cmTC_e7bd6.dir/CheckIncludeFile.c.o
/usr/bin/cc    -o CMakeFiles/cmTC_e7bd6.dir/CheckIncludeFile.c.o -c /home/jeff-wang/WorkloadAnalysis/comparedDBs/pebblesdb/release/CMakeFiles/CMakeTmp/CheckIncludeFile.c
Linking C executable cmTC_e7bd6
/usr/bin/cmake -E cmake_link_script CMakeFiles/cmTC_e7bd6.dir/link.txt --verbose=1
/usr/bin/cc CMakeFiles/cmTC_e7bd6.dir/CheckIncludeFile.c.o -o cmTC_e7bd6 
gmake[1]: Leaving directory '/home/jeff-wang/WorkloadAnalysis/comparedDBs/pebblesdb/release/CMakeFiles/CMakeTmp'



Determining if the include file stdint.h exists passed with the following output:
Change Dir: /home/jeff-wang/WorkloadAnalysis/comparedDBs/pebblesdb/release/CMakeFiles/CMakeTmp

Run Build Command(s):/usr/bin/gmake -f Makefile cmTC_dcd36/fast && /usr/bin/gmake  -f CMakeFiles/cmTC_dcd36.dir/build.make CMakeFiles/cmTC_dcd36.dir/build
gmake[1]: Entering directory '/home/jeff-wang/WorkloadAnalysis/comparedDBs/pebblesdb/release/CMakeFiles/CMakeTmp'
Building C object CMakeFiles/cmTC_dcd36.dir/CheckIncludeFile.c.o
/usr/bin/cc    -o CMakeFiles/cmTC_dcd36.dir/CheckIncludeFile.c.o -c /home/jeff-wang/WorkloadAnalysis/comparedDBs/pebblesdb/release/CMakeFiles/CMakeTmp/CheckIncludeFile.c
Linking C executable cmTC_dcd36
/usr/bin/cmake -E cmake_link_script CMakeFiles/cmTC_dcd36.dir/link.txt --verbose=1
/usr/bin/cc CMakeFiles/cmTC_dcd36.dir/CheckIncludeFile.c.o -o cmTC_dcd36 
gmake[1]: Leaving directory '/home/jeff-wang/WorkloadAnalysis/comparedDBs/pebblesdb/release/CMakeFiles/CMakeTmp'



Determining if the include file stdlib.h exists passed with the following output:
Change Dir: /home/jeff-wang/WorkloadAnalysis/comparedDBs/pebblesdb/release/CMakeFiles/CMakeTmp

Run Build Command(s):/usr/bin/gmake -f Makefile cmTC_5e799/fast && /usr/bin/gmake  -f CMakeFiles/cmTC_5e799.dir/build.make CMakeFiles/cmTC_5e799.dir/build
gmake[1]: Entering directory '/home/jeff-wang/WorkloadAnalysis/comparedDBs/pebblesdb/release/CMakeFiles/CMakeTmp'
Building C object CMakeFiles/cmTC_5e799.dir/CheckIncludeFile.c.o
/usr/bin/cc    -o CMakeFiles/cmTC_5e799.dir/CheckIncludeFile.c.o -c /home/jeff-wang/WorkloadAnalysis/comparedDBs/pebblesdb/release/CMakeFiles/CMakeTmp/CheckIncludeFile.c
Linking C executable cmTC_5e799
/usr/bin/cmake -E cmake_link_script CMakeFiles/cmTC_5e799.dir/link.txt --verbose=1
/usr/bin/cc CMakeFiles/cmTC_5e799.dir/CheckIncludeFile.c.o -o cmTC_5e799 
gmake[1]: Leaving directory '/home/jeff-wang/WorkloadAnalysis/comparedDBs/pebblesdb/release/CMakeFiles/CMakeTmp'



Determining if the include file strings.h exists passed with the following output:
Change Dir: /home/jeff-wang/WorkloadAnalysis/comparedDBs/pebblesdb/release/CMakeFiles/CMakeTmp

Run Build Command(s):/usr/bin/gmake -f Makefile cmTC_43d78/fast && /usr/bin/gmake  -f CMakeFiles/cmTC_43d78.dir/build.make CMakeFiles/cmTC_43d78.dir/build
gmake[1]: Entering directory '/home/jeff-wang/WorkloadAnalysis/comparedDBs/pebblesdb/release/CMakeFiles/CMakeTmp'
Building C object CMakeFiles/cmTC_43d78.dir/CheckIncludeFile.c.o
/usr/bin/cc    -o CMakeFiles/cmTC_43d78.dir/CheckIncludeFile.c.o -c /home/jeff-wang/WorkloadAnalysis/comparedDBs/pebblesdb/release/CMakeFiles/CMakeTmp/CheckIncludeFile.c
Linking C executable cmTC_43d78
/usr/bin/cmake -E cmake_link_script CMakeFiles/cmTC_43d78.dir/link.txt --verbose=1
/usr/bin/cc CMakeFiles/cmTC_43d78.dir/CheckIncludeFile.c.o -o cmTC_43d78 
gmake[1]: Leaving directory '/home/jeff-wang/WorkloadAnalysis/comparedDBs/pebblesdb/release/CMakeFiles/CMakeTmp'



Determining if the include file string.h exists passed with the following output:
Change Dir: /home/jeff-wang/WorkloadAnalysis/comparedDBs/pebblesdb/release/CMakeFiles/CMakeTmp

Run Build Command(s):/usr/bin/gmake -f Makefile cmTC_251a1/fast && /usr/bin/gmake  -f CMakeFiles/cmTC_251a1.dir/build.make CMakeFiles/cmTC_251a1.dir/build
gmake[1]: Entering directory '/home/jeff-wang/WorkloadAnalysis/comparedDBs/pebblesdb/release/CMakeFiles/CMakeTmp'
Building C object CMakeFiles/cmTC_251a1.dir/CheckIncludeFile.c.o
/usr/bin/cc    -o CMakeFiles/cmTC_251a1.dir/CheckIncludeFile.c.o -c /home/jeff-wang/WorkloadAnalysis/comparedDBs/pebblesdb/release/CMakeFiles/CMakeTmp/CheckIncludeFile.c
Linking C executable cmTC_251a1
/usr/bin/cmake -E cmake_link_script CMakeFiles/cmTC_251a1.dir/link.txt --verbose=1
/usr/bin/cc CMakeFiles/cmTC_251a1.dir/CheckIncludeFile.c.o -o cmTC_251a1 
gmake[1]: Leaving directory '/home/jeff-wang/WorkloadAnalysis/comparedDBs/pebblesdb/release/CMakeFiles/CMakeTmp'



Determining if the include file sys/param.h exists passed with the following output:
Change Dir: /home/jeff-wang/WorkloadAnalysis/comparedDBs/pebblesdb/release/CMakeFiles/CMakeTmp

Run Build Command(s):/usr/bin/gmake -f Makefile cmTC_75e34/fast && /usr/bin/gmake  -f CMakeFiles/cmTC_75e34.dir/build.make CMakeFiles/cmTC_75e34.dir/build
gmake[1]: Entering directory '/home/jeff-wang/WorkloadAnalysis/comparedDBs/pebblesdb/release/CMakeFiles/CMakeTmp'
Building C object CMakeFiles/cmTC_75e34.dir/CheckIncludeFile.c.o
/usr/bin/cc    -o CMakeFiles/cmTC_75e34.dir/CheckIncludeFile.c.o -c /home/jeff-wang/WorkloadAnalysis/comparedDBs/pebblesdb/release/CMakeFiles/CMakeTmp/CheckIncludeFile.c
Linking C executable cmTC_75e34
/usr/bin/cmake -E cmake_link_script CMakeFiles/cmTC_75e34.dir/link.txt --verbose=1
/usr/bin/cc CMakeFiles/cmTC_75e34.dir/CheckIncludeFile.c.o -o cmTC_75e34 
gmake[1]: Leaving directory '/home/jeff-wang/WorkloadAnalysis/comparedDBs/pebblesdb/release/CMakeFiles/CMakeTmp'



Determining if the include file sys/stat.h exists passed with the following output:
Change Dir: /home/jeff-wang/WorkloadAnalysis/comparedDBs/pebblesdb/release/CMakeFiles/CMakeTmp

Run Build Command(s):/usr/bin/gmake -f Makefile cmTC_739d5/fast && /usr/bin/gmake  -f CMakeFiles/cmTC_739d5.dir/build.make CMakeFiles/cmTC_739d5.dir/build
gmake[1]: Entering directory '/home/jeff-wang/WorkloadAnalysis/comparedDBs/pebblesdb/release/CMakeFiles/CMakeTmp'
Building C object CMakeFiles/cmTC_739d5.dir/CheckIncludeFile.c.o
/usr/bin/cc    -o CMakeFiles/cmTC_739d5.dir/CheckIncludeFile.c.o -c /home/jeff-wang/WorkloadAnalysis/comparedDBs/pebblesdb/release/CMakeFiles/CMakeTmp/CheckIncludeFile.c
Linking C executable cmTC_739d5
/usr/bin/cmake -E cmake_link_script CMakeFiles/cmTC_739d5.dir/link.txt --verbose=1
/usr/bin/cc CMakeFiles/cmTC_739d5.dir/CheckIncludeFile.c.o -o cmTC_739d5 
gmake[1]: Leaving directory '/home/jeff-wang/WorkloadAnalysis/comparedDBs/pebblesdb/release/CMakeFiles/CMakeTmp'



Determining if the include file unistd.h exists passed with the following output:
Change Dir: /home/jeff-wang/WorkloadAnalysis/comparedDBs/pebblesdb/release/CMakeFiles/CMakeTmp

Run Build Command(s):/usr/bin/gmake -f Makefile cmTC_fb0c5/fast && /usr/bin/gmake  -f CMakeFiles/cmTC_fb0c5.dir/build.make CMakeFiles/cmTC_fb0c5.dir/build
gmake[1]: Entering directory '/home/jeff-wang/WorkloadAnalysis/comparedDBs/pebblesdb/release/CMakeFiles/CMakeTmp'
Building C object CMakeFiles/cmTC_fb0c5.dir/CheckIncludeFile.c.o
/usr/bin/cc    -o CMakeFiles/cmTC_fb0c5.dir/CheckIncludeFile.c.o -c /home/jeff-wang/WorkloadAnalysis/comparedDBs/pebblesdb/release/CMakeFiles/CMakeTmp/CheckIncludeFile.c
Linking C executable cmTC_fb0c5
/usr/bin/cmake -E cmake_link_script CMakeFiles/cmTC_fb0c5.dir/link.txt --verbose=1
/usr/bin/cc CMakeFiles/cmTC_fb0c5.dir/CheckIncludeFile.c.o -o cmTC_fb0c5 
gmake[1]: Leaving directory '/home/jeff-wang/WorkloadAnalysis/comparedDBs/pebblesdb/release/CMakeFiles/CMakeTmp'



Determining if the function error_at_line exists passed with the following output:
Change Dir: /home/jeff-wang/WorkloadAnalysis/comparedDBs/pebblesdb/release/CMakeFiles/CMakeTmp

Run Build Command(s):/usr/bin/gmake -f Makefile cmTC_195f5/fast && /usr/bin/gmake  -f CMakeFiles/cmTC_195f5.dir/build.make CMakeFiles/cmTC_195f5.dir/build
gmake[1]: Entering directory '/home/jeff-wang/WorkloadAnalysis/comparedDBs/pebblesdb/release/CMakeFiles/CMakeTmp'
Building C object CMakeFiles/cmTC_195f5.dir/CheckFunctionExists.c.o
/usr/bin/cc   -DCHECK_FUNCTION_EXISTS=error_at_line -o CMakeFiles/cmTC_195f5.dir/CheckFunctionExists.c.o -c /usr/share/cmake-3.22/Modules/CheckFunctionExists.c
Linking C executable cmTC_195f5
/usr/bin/cmake -E cmake_link_script CMakeFiles/cmTC_195f5.dir/link.txt --verbose=1
/usr/bin/cc  -DCHECK_FUNCTION_EXISTS=error_at_line CMakeFiles/cmTC_195f5.dir/CheckFunctionExists.c.o -o cmTC_195f5 
gmake[1]: Leaving directory '/home/jeff-wang/WorkloadAnalysis/comparedDBs/pebblesdb/release/CMakeFiles/CMakeTmp'



Determining if the function mmap exists passed with the following output:
Change Dir: /home/jeff-wang/WorkloadAnalysis/comparedDBs/pebblesdb/release/CMakeFiles/CMakeTmp

Run Build Command(s):/usr/bin/gmake -f Makefile cmTC_5f627/fast && /usr/bin/gmake  -f CMakeFiles/cmTC_5f627.dir/build.make CMakeFiles/cmTC_5f627.dir/build
gmake[1]: Entering directory '/home/jeff-wang/WorkloadAnalysis/comparedDBs/pebblesdb/release/CMakeFiles/CMakeTmp'
Building C object CMakeFiles/cmTC_5f627.dir/CheckFunctionExists.c.o
/usr/bin/cc   -DCHECK_FUNCTION_EXISTS=mmap -o CMakeFiles/cmTC_5f627.dir/CheckFunctionExists.c.o -c /usr/share/cmake-3.22/Modules/CheckFunctionExists.c
Linking C executable cmTC_5f627
/usr/bin/cmake -E cmake_link_script CMakeFiles/cmTC_5f627.dir/link.txt --verbose=1
/usr/bin/cc  -DCHECK_FUNCTION_EXISTS=mmap CMakeFiles/cmTC_5f627.dir/CheckFunctionExists.c.o -o cmTC_5f627 
gmake[1]: Leaving directory '/home/jeff-wang/WorkloadAnalysis/comparedDBs/pebblesdb/release/CMakeFiles/CMakeTmp'



Determining if the function alarm exists passed with the following output:
Change Dir: /home/jeff-wang/WorkloadAnalysis/comparedDBs/pebblesdb/release/CMakeFiles/CMakeTmp

Run Build Command(s):/usr/bin/gmake -f Makefile cmTC_224af/fast && /usr/bin/gmake  -f CMakeFiles/cmTC_224af.dir/build.make CMakeFiles/cmTC_224af.dir/build
gmake[1]: Entering directory '/home/jeff-wang/WorkloadAnalysis/comparedDBs/pebblesdb/release/CMakeFiles/CMakeTmp'
Building C object CMakeFiles/cmTC_224af.dir/CheckFunctionExists.c.o
/usr/bin/cc   -DCHECK_FUNCTION_EXISTS=alarm -o CMakeFiles/cmTC_224af.dir/CheckFunctionExists.c.o -c /usr/share/cmake-3.22/Modules/CheckFunctionExists.c
Linking C executable cmTC_224af
/usr/bin/cmake -E cmake_link_script CMakeFiles/cmTC_224af.dir/link.txt --verbose=1
/usr/bin/cc  -DCHECK_FUNCTION_EXISTS=alarm CMakeFiles/cmTC_224af.dir/CheckFunctionExists.c.o -o cmTC_224af 
gmake[1]: Leaving directory '/home/jeff-wang/WorkloadAnalysis/comparedDBs/pebblesdb/release/CMakeFiles/CMakeTmp'



Determining if the function clock_gettime exists passed with the following output:
Change Dir: /home/jeff-wang/WorkloadAnalysis/comparedDBs/pebblesdb/release/CMakeFiles/CMakeTmp

Run Build Command(s):/usr/bin/gmake -f Makefile cmTC_36c30/fast && /usr/bin/gmake  -f CMakeFiles/cmTC_36c30.dir/build.make CMakeFiles/cmTC_36c30.dir/build
gmake[1]: Entering directory '/home/jeff-wang/WorkloadAnalysis/comparedDBs/pebblesdb/release/CMakeFiles/CMakeTmp'
Building C object CMakeFiles/cmTC_36c30.dir/CheckFunctionExists.c.o
/usr/bin/cc   -DCHECK_FUNCTION_EXISTS=clock_gettime -o CMakeFiles/cmTC_36c30.dir/CheckFunctionExists.c.o -c /usr/share/cmake-3.22/Modules/CheckFunctionExists.c
Linking C executable cmTC_36c30
/usr/bin/cmake -E cmake_link_script CMakeFiles/cmTC_36c30.dir/link.txt --verbose=1
/usr/bin/cc  -DCHECK_FUNCTION_EXISTS=clock_gettime CMakeFiles/cmTC_36c30.dir/CheckFunctionExists.c.o -o cmTC_36c30 
gmake[1]: Leaving directory '/home/jeff-wang/WorkloadAnalysis/comparedDBs/pebblesdb/release/CMakeFiles/CMakeTmp'



Determining if the function ftruncate exists passed with the following output:
Change Dir: /home/jeff-wang/WorkloadAnalysis/comparedDBs/pebblesdb/release/CMakeFiles/CMakeTmp

Run Build Command(s):/usr/bin/gmake -f Makefile cmTC_486fb/fast && /usr/bin/gmake  -f CMakeFiles/cmTC_486fb.dir/build.make CMakeFiles/cmTC_486fb.dir/build
gmake[1]: Entering directory '/home/jeff-wang/WorkloadAnalysis/comparedDBs/pebblesdb/release/CMakeFiles/CMakeTmp'
Building C object CMakeFiles/cmTC_486fb.dir/CheckFunctionExists.c.o
/usr/bin/cc   -DCHECK_FUNCTION_EXISTS=ftruncate -o CMakeFiles/cmTC_486fb.dir/CheckFunctionExists.c.o -c /usr/share/cmake-3.22/Modules/CheckFunctionExists.c
Linking C executable cmTC_486fb
/usr/bin/cmake -E cmake_link_script CMakeFiles/cmTC_486fb.dir/link.txt --verbose=1
/usr/bin/cc  -DCHECK_FUNCTION_EXISTS=ftruncate CMakeFiles/cmTC_486fb.dir/CheckFunctionExists.c.o -o cmTC_486fb 
gmake[1]: Leaving directory '/home/jeff-wang/WorkloadAnalysis/comparedDBs/pebblesdb/release/CMakeFiles/CMakeTmp'



Determining if the function fsync exists passed with the following output:
Change Dir: /home/jeff-wang/WorkloadAnalysis/comparedDBs/pebblesdb/release/CMakeFiles/CMakeTmp

Run Build Command(s):/usr/bin/gmake -f Makefile cmTC_f2c0d/fast && /usr/bin/gmake  -f CMakeFiles/cmTC_f2c0d.dir/build.make CMakeFiles/cmTC_f2c0d.dir/build
gmake[1]: Entering directory '/home/jeff-wang/WorkloadAnalysis/comparedDBs/pebblesdb/release/CMakeFiles/CMakeTmp'
Building C object CMakeFiles/cmTC_f2c0d.dir/CheckFunctionExists.c.o
/usr/bin/cc   -DCHECK_FUNCTION_EXISTS=fsync -o CMakeFiles/cmTC_f2c0d.dir/CheckFunctionExists.c.o -c /usr/share/cmake-3.22/Modules/CheckFunctionExists.c
Linking C executable cmTC_f2c0d
/usr/bin/cmake -E cmake_link_script CMakeFiles/cmTC_f2c0d.dir/link.txt --verbose=1
/usr/bin/cc  -DCHECK_FUNCTION_EXISTS=fsync CMakeFiles/cmTC_f2c0d.dir/CheckFunctionExists.c.o -o cmTC_f2c0d 
gmake[1]: Leaving directory '/home/jeff-wang/WorkloadAnalysis/comparedDBs/pebblesdb/release/CMakeFiles/CMakeTmp'



Determining if the function fread exists passed with the following output:
Change Dir: /home/jeff-wang/WorkloadAnalysis/comparedDBs/pebblesdb/release/CMakeFiles/CMakeTmp

Run Build Command(s):/usr/bin/gmake -f Makefile cmTC_7bea1/fast && /usr/bin/gmake  -f CMakeFiles/cmTC_7bea1.dir/build.make CMakeFiles/cmTC_7bea1.dir/build
gmake[1]: Entering directory '/home/jeff-wang/WorkloadAnalysis/comparedDBs/pebblesdb/release/CMakeFiles/CMakeTmp'
Building C object CMakeFiles/cmTC_7bea1.dir/CheckFunctionExists.c.o
/usr/bin/cc   -DCHECK_FUNCTION_EXISTS=fread -o CMakeFiles/cmTC_7bea1.dir/CheckFunctionExists.c.o -c /usr/share/cmake-3.22/Modules/CheckFunctionExists.c
Linking C executable cmTC_7bea1
/usr/bin/cmake -E cmake_link_script CMakeFiles/cmTC_7bea1.dir/link.txt --verbose=1
/usr/bin/cc  -DCHECK_FUNCTION_EXISTS=fread CMakeFiles/cmTC_7bea1.dir/CheckFunctionExists.c.o -o cmTC_7bea1 
gmake[1]: Leaving directory '/home/jeff-wang/WorkloadAnalysis/comparedDBs/pebblesdb/release/CMakeFiles/CMakeTmp'



Determining if the function fread_unlocked exists passed with the following output:
Change Dir: /home/jeff-wang/WorkloadAnalysis/comparedDBs/pebblesdb/release/CMakeFiles/CMakeTmp

Run Build Command(s):/usr/bin/gmake -f Makefile cmTC_3110d/fast && /usr/bin/gmake  -f CMakeFiles/cmTC_3110d.dir/build.make CMakeFiles/cmTC_3110d.dir/build
gmake[1]: Entering directory '/home/jeff-wang/WorkloadAnalysis/comparedDBs/pebblesdb/release/CMakeFiles/CMakeTmp'
Building C object CMakeFiles/cmTC_3110d.dir/CheckFunctionExists.c.o
/usr/bin/cc   -DCHECK_FUNCTION_EXISTS=fread_unlocked -o CMakeFiles/cmTC_3110d.dir/CheckFunctionExists.c.o -c /usr/share/cmake-3.22/Modules/CheckFunctionExists.c
Linking C executable cmTC_3110d
/usr/bin/cmake -E cmake_link_script CMakeFiles/cmTC_3110d.dir/link.txt --verbose=1
/usr/bin/cc  -DCHECK_FUNCTION_EXISTS=fread_unlocked CMakeFiles/cmTC_3110d.dir/CheckFunctionExists.c.o -o cmTC_3110d 
gmake[1]: Leaving directory '/home/jeff-wang/WorkloadAnalysis/comparedDBs/pebblesdb/release/CMakeFiles/CMakeTmp'



Determining if the function fwrite exists passed with the following output:
Change Dir: /home/jeff-wang/WorkloadAnalysis/comparedDBs/pebblesdb/release/CMakeFiles/CMakeTmp

Run Build Command(s):/usr/bin/gmake -f Makefile cmTC_2b41a/fast && /usr/bin/gmake  -f CMakeFiles/cmTC_2b41a.dir/build.make CMakeFiles/cmTC_2b41a.dir/build
gmake[1]: Entering directory '/home/jeff-wang/WorkloadAnalysis/comparedDBs/pebblesdb/release/CMakeFiles/CMakeTmp'
Building C object CMakeFiles/cmTC_2b41a.dir/CheckFunctionExists.c.o
/usr/bin/cc   -DCHECK_FUNCTION_EXISTS=fwrite -o CMakeFiles/cmTC_2b41a.dir/CheckFunctionExists.c.o -c /usr/share/cmake-3.22/Modules/CheckFunctionExists.c
<command-line>: warning: conflicting types for built-in function fwrite; expected long unsigned int(const void *, long unsigned int,  long unsigned int,  void *) [-Wbuiltin-declaration-mismatch]
/usr/share/cmake-3.22/Modules/CheckFunctionExists.c:7:3: note: in expansion of macro CHECK_FUNCTION_EXISTS
    7 |   CHECK_FUNCTION_EXISTS(void);
      |   ^~~~~~~~~~~~~~~~~~~~~
/usr/share/cmake-3.22/Modules/CheckFunctionExists.c:1:1: note: fwrite is declared in header <stdio.h>
  +++ |+#include <stdio.h>
    1 | #ifdef CHECK_FUNCTION_EXISTS
Linking C executable cmTC_2b41a
/usr/bin/cmake -E cmake_link_script CMakeFiles/cmTC_2b41a.dir/link.txt --verbose=1
/usr/bin/cc  -DCHECK_FUNCTION_EXISTS=fwrite CMakeFiles/cmTC_2b41a.dir/CheckFunctionExists.c.o -o cmTC_2b41a 
gmake[1]: Leaving directory '/home/jeff-wang/WorkloadAnalysis/comparedDBs/pebblesdb/release/CMakeFiles/CMakeTmp'



Determining if the function fwrite_unlocked exists passed with the following output:
Change Dir: /home/jeff-wang/WorkloadAnalysis/comparedDBs/pebblesdb/release/CMakeFiles/CMakeTmp

Run Build Command(s):/usr/bin/gmake -f Makefile cmTC_91426/fast && /usr/bin/gmake  -f CMakeFiles/cmTC_91426.dir/build.make CMakeFiles/cmTC_91426.dir/build
gmake[1]: Entering directory '/home/jeff-wang/WorkloadAnalysis/comparedDBs/pebblesdb/release/CMakeFiles/CMakeTmp'
Building C object CMakeFiles/cmTC_91426.dir/CheckFunctionExists.c.o
/usr/bin/cc   -DCHECK_FUNCTION_EXISTS=fwrite_unlocked -o CMakeFiles/cmTC_91426.dir/CheckFunctionExists.c.o -c /usr/share/cmake-3.22/Modules/CheckFunctionExists.c
<command-line>: warning: conflicting types for built-in function fwrite_unlocked; expected long unsigned int(const void *, long unsigned int,  long unsigned int,  void *) [-Wbuiltin-declaration-mismatch]
<command-line>: note: in definition of macro CHECK_FUNCTION_EXISTS
Linking C executable cmTC_91426
/usr/bin/cmake -E cmake_link_script CMakeFiles/cmTC_91426.dir/link.txt --verbose=1
/usr/bin/cc  -DCHECK_FUNCTION_EXISTS=fwrite_unlocked CMakeFiles/cmTC_91426.dir/CheckFunctionExists.c.o -o cmTC_91426 
gmake[1]: Leaving directory '/home/jeff-wang/WorkloadAnalysis/comparedDBs/pebblesdb/release/CMakeFiles/CMakeTmp'



Determining if the function fflush exists passed with the following output:
Change Dir: /home/jeff-wang/WorkloadAnalysis/comparedDBs/pebblesdb/release/CMakeFiles/CMakeTmp

Run Build Command(s):/usr/bin/gmake -f Makefile cmTC_efddd/fast && /usr/bin/gmake  -f CMakeFiles/cmTC_efddd.dir/build.make CMakeFiles/cmTC_efddd.dir/build
gmake[1]: Entering directory '/home/jeff-wang/WorkloadAnalysis/comparedDBs/pebblesdb/release/CMakeFiles/CMakeTmp'
Building C object CMakeFiles/cmTC_efddd.dir/CheckFunctionExists.c.o
/usr/bin/cc   -DCHECK_FUNCTION_EXISTS=fflush -o CMakeFiles/cmTC_efddd.dir/CheckFunctionExists.c.o -c /usr/share/cmake-3.22/Modules/CheckFunctionExists.c
Linking C executable cmTC_efddd
/usr/bin/cmake -E cmake_link_script CMakeFiles/cmTC_efddd.dir/link.txt --verbose=1
/usr/bin/cc  -DCHECK_FUNCTION_EXISTS=fflush CMakeFiles/cmTC_efddd.dir/CheckFunctionExists.c.o -o cmTC_efddd 
gmake[1]: Leaving directory '/home/jeff-wang/WorkloadAnalysis/comparedDBs/pebblesdb/release/CMakeFiles/CMakeTmp'



Determining if the function fflush_unlocked exists passed with the following output:
Change Dir: /home/jeff-wang/WorkloadAnalysis/comparedDBs/pebblesdb/release/CMakeFiles/CMakeTmp

Run Build Command(s):/usr/bin/gmake -f Makefile cmTC_02e28/fast && /usr/bin/gmake  -f CMakeFiles/cmTC_02e28.dir/build.make CMakeFiles/cmTC_02e28.dir/build
gmake[1]: Entering directory '/home/jeff-wang/WorkloadAnalysis/comparedDBs/pebblesdb/release/CMakeFiles/CMakeTmp'
Building C object CMakeFiles/cmTC_02e28.dir/CheckFunctionExists.c.o
/usr/bin/cc   -DCHECK_FUNCTION_EXISTS=fflush_unlocked -o CMakeFiles/cmTC_02e28.dir/CheckFunctionExists.c.o -c /usr/share/cmake-3.22/Modules/CheckFunctionExists.c
Linking C executable cmTC_02e28
/usr/bin/cmake -E cmake_link_script CMakeFiles/cmTC_02e28.dir/link.txt --verbose=1
/usr/bin/cc  -DCHECK_FUNCTION_EXISTS=fflush_unlocked CMakeFiles/cmTC_02e28.dir/CheckFunctionExists.c.o -o cmTC_02e28 
gmake[1]: Leaving directory '/home/jeff-wang/WorkloadAnalysis/comparedDBs/pebblesdb/release/CMakeFiles/CMakeTmp'



Determining if the function memmove exists passed with the following output:
Change Dir: /home/jeff-wang/WorkloadAnalysis/comparedDBs/pebblesdb/release/CMakeFiles/CMakeTmp

Run Build Command(s):/usr/bin/gmake -f Makefile cmTC_c6956/fast && /usr/bin/gmake  -f CMakeFiles/cmTC_c6956.dir/build.make CMakeFiles/cmTC_c6956.dir/build
gmake[1]: Entering directory '/home/jeff-wang/WorkloadAnalysis/comparedDBs/pebblesdb/release/CMakeFiles/CMakeTmp'
Building C object CMakeFiles/cmTC_c6956.dir/CheckFunctionExists.c.o
/usr/bin/cc   -DCHECK_FUNCTION_EXISTS=memmove -o CMakeFiles/cmTC_c6956.dir/CheckFunctionExists.c.o -c /usr/share/cmake-3.22/Modules/CheckFunctionExists.c
<command-line>: warning: conflicting types for built-in function memmove; expected void *(void *, const void *, long unsigned int) [-Wbuiltin-declaration-mismatch]
/usr/share/cmake-3.22/Modules/CheckFunctionExists.c:7:3: note: in expansion of macro CHECK_FUNCTION_EXISTS
    7 |   CHECK_FUNCTION_EXISTS(void);
      |   ^~~~~~~~~~~~~~~~~~~~~
/usr/share/cmake-3.22/Modules/CheckFunctionExists.c:1:1: note: memmove is declared in header <string.h>
  +++ |+#include <string.h>
    1 | #ifdef CHECK_FUNCTION_EXISTS
Linking C executable cmTC_c6956
/usr/bin/cmake -E cmake_link_script CMakeFiles/cmTC_c6956.dir/link.txt --verbose=1
/usr/bin/cc  -DCHECK_FUNCTION_EXISTS=memmove CMakeFiles/cmTC_c6956.dir/CheckFunctionExists.c.o -o cmTC_c6956 
gmake[1]: Leaving directory '/home/jeff-wang/WorkloadAnalysis/comparedDBs/pebblesdb/release/CMakeFiles/CMakeTmp'



Determining if the function mkdir exists passed with the following output:
Change Dir: /home/jeff-wang/WorkloadAnalysis/comparedDBs/pebblesdb/release/CMakeFiles/CMakeTmp

Run Build Command(s):/usr/bin/gmake -f Makefile cmTC_b6c3d/fast && /usr/bin/gmake  -f CMakeFiles/cmTC_b6c3d.dir/build.make CMakeFiles/cmTC_b6c3d.dir/build
gmake[1]: Entering directory '/home/jeff-wang/WorkloadAnalysis/comparedDBs/pebblesdb/release/CMakeFiles/CMakeTmp'
Building C object CMakeFiles/cmTC_b6c3d.dir/CheckFunctionExists.c.o
/usr/bin/cc   -DCHECK_FUNCTION_EXISTS=mkdir -o CMakeFiles/cmTC_b6c3d.dir/CheckFunctionExists.c.o -c /usr/share/cmake-3.22/Modules/CheckFunctionExists.c
Linking C executable cmTC_b6c3d
/usr/bin/cmake -E cmake_link_script CMakeFiles/cmTC_b6c3d.dir/link.txt --verbose=1
/usr/bin/cc  -DCHECK_FUNCTION_EXISTS=mkdir CMakeFiles/cmTC_b6c3d.dir/CheckFunctionExists.c.o -o cmTC_b6c3d 
gmake[1]: Leaving directory '/home/jeff-wang/WorkloadAnalysis/comparedDBs/pebblesdb/release/CMakeFiles/CMakeTmp'



Determining if the function munmap exists passed with the following output:
Change Dir: /home/jeff-wang/WorkloadAnalysis/comparedDBs/pebblesdb/release/CMakeFiles/CMakeTmp

Run Build Command(s):/usr/bin/gmake -f Makefile cmTC_682b6/fast && /usr/bin/gmake  -f CMakeFiles/cmTC_682b6.dir/build.make CMakeFiles/cmTC_682b6.dir/build
gmake[1]: Entering directory '/home/jeff-wang/WorkloadAnalysis/comparedDBs/pebblesdb/release/CMakeFiles/CMakeTmp'
Building C object CMakeFiles/cmTC_682b6.dir/CheckFunctionExists.c.o
/usr/bin/cc   -DCHECK_FUNCTION_EXISTS=munmap -o CMakeFiles/cmTC_682b6.dir/CheckFunctionExists.c.o -c /usr/share/cmake-3.22/Modules/CheckFunctionExists.c
Linking C executable cmTC_682b6
/usr/bin/cmake -E cmake_link_script CMakeFiles/cmTC_682b6.dir/link.txt --verbose=1
/usr/bin/cc  -DCHECK_FUNCTION_EXISTS=munmap CMakeFiles/cmTC_682b6.dir/CheckFunctionExists.c.o -o cmTC_682b6 
gmake[1]: Leaving directory '/home/jeff-wang/WorkloadAnalysis/comparedDBs/pebblesdb/release/CMakeFiles/CMakeTmp'



Determining if the function rmdir exists passed with the following output:
Change Dir: /home/jeff-wang/WorkloadAnalysis/comparedDBs/pebblesdb/release/CMakeFiles/CMakeTmp

Run Build Command(s):/usr/bin/gmake -f Makefile cmTC_3f8cb/fast && /usr/bin/gmake  -f CMakeFiles/cmTC_3f8cb.dir/build.make CMakeFiles/cmTC_3f8cb.dir/build
gmake[1]: Entering directory '/home/jeff-wang/WorkloadAnalysis/comparedDBs/pebblesdb/release/CMakeFiles/CMakeTmp'
Building C object CMakeFiles/cmTC_3f8cb.dir/CheckFunctionExists.c.o
/usr/bin/cc   -DCHECK_FUNCTION_EXISTS=rmdir -o CMakeFiles/cmTC_3f8cb.dir/CheckFunctionExists.c.o -c /usr/share/cmake-3.22/Modules/CheckFunctionExists.c
Linking C executable cmTC_3f8cb
/usr/bin/cmake -E cmake_link_script CMakeFiles/cmTC_3f8cb.dir/link.txt --verbose=1
/usr/bin/cc  -DCHECK_FUNCTION_EXISTS=rmdir CMakeFiles/cmTC_3f8cb.dir/CheckFunctionExists.c.o -o cmTC_3f8cb 
gmake[1]: Leaving directory '/home/jeff-wang/WorkloadAnalysis/comparedDBs/pebblesdb/release/CMakeFiles/CMakeTmp'



Determining if the function socket exists passed with the following output:
Change Dir: /home/jeff-wang/WorkloadAnalysis/comparedDBs/pebblesdb/release/CMakeFiles/CMakeTmp

Run Build Command(s):/usr/bin/gmake -f Makefile cmTC_eb4e2/fast && /usr/bin/gmake  -f CMakeFiles/cmTC_eb4e2.dir/build.make CMakeFiles/cmTC_eb4e2.dir/build
gmake[1]: Entering directory '/home/jeff-wang/WorkloadAnalysis/comparedDBs/pebblesdb/release/CMakeFiles/CMakeTmp'
Building C object CMakeFiles/cmTC_eb4e2.dir/CheckFunctionExists.c.o
/usr/bin/cc   -DCHECK_FUNCTION_EXISTS=socket -o CMakeFiles/cmTC_eb4e2.dir/CheckFunctionExists.c.o -c /usr/share/cmake-3.22/Modules/CheckFunctionExists.c
Linking C executable cmTC_eb4e2
/usr/bin/cmake -E cmake_link_script CMakeFiles/cmTC_eb4e2.dir/link.txt --verbose=1
/usr/bin/cc  -DCHECK_FUNCTION_EXISTS=socket CMakeFiles/cmTC_eb4e2.dir/CheckFunctionExists.c.o -o cmTC_eb4e2 
gmake[1]: Leaving directory '/home/jeff-wang/WorkloadAnalysis/comparedDBs/pebblesdb/release/CMakeFiles/CMakeTmp'



Determining if the function getpagesize exists passed with the following output:
Change Dir: /home/jeff-wang/WorkloadAnalysis/comparedDBs/pebblesdb/release/CMakeFiles/CMakeTmp

Run Build Command(s):/usr/bin/gmake -f Makefile cmTC_e4db0/fast && /usr/bin/gmake  -f CMakeFiles/cmTC_e4db0.dir/build.make CMakeFiles/cmTC_e4db0.dir/build
gmake[1]: Entering directory '/home/jeff-wang/WorkloadAnalysis/comparedDBs/pebblesdb/release/CMakeFiles/CMakeTmp'
Building C object CMakeFiles/cmTC_e4db0.dir/CheckFunctionExists.c.o
/usr/bin/cc   -DCHECK_FUNCTION_EXISTS=getpagesize -o CMakeFiles/cmTC_e4db0.dir/CheckFunctionExists.c.o -c /usr/share/cmake-3.22/Modules/CheckFunctionExists.c
Linking C executable cmTC_e4db0
/usr/bin/cmake -E cmake_link_script CMakeFiles/cmTC_e4db0.dir/link.txt --verbose=1
/usr/bin/cc  -DCHECK_FUNCTION_EXISTS=getpagesize CMakeFiles/cmTC_e4db0.dir/CheckFunctionExists.c.o -o cmTC_e4db0 
gmake[1]: Leaving directory '/home/jeff-wang/WorkloadAnalysis/comparedDBs/pebblesdb/release/CMakeFiles/CMakeTmp'



Determining if the fdatasync exist passed with the following output:
Change Dir: /home/jeff-wang/WorkloadAnalysis/comparedDBs/pebblesdb/release/CMakeFiles/CMakeTmp

Run Build Command(s):/usr/bin/gmake -f Makefile cmTC_eb94c/fast && /usr/bin/gmake  -f CMakeFiles/cmTC_eb94c.dir/build.make CMakeFiles/cmTC_eb94c.dir/build
gmake[1]: Entering directory '/home/jeff-wang/WorkloadAnalysis/comparedDBs/pebblesdb/release/CMakeFiles/CMakeTmp'
Building C object CMakeFiles/cmTC_eb94c.dir/CheckSymbolExists.c.o
/usr/bin/cc    -o CMakeFiles/cmTC_eb94c.dir/CheckSymbolExists.c.o -c /home/jeff-wang/WorkloadAnalysis/comparedDBs/pebblesdb/release/CMakeFiles/CMakeTmp/CheckSymbolExists.c
Linking C executable cmTC_eb94c
/usr/bin/cmake -E cmake_link_script CMakeFiles/cmTC_eb94c.dir/link.txt --verbose=1
/usr/bin/cc CMakeFiles/cmTC_eb94c.dir/CheckSymbolExists.c.o -o cmTC_eb94c 
gmake[1]: Leaving directory '/home/jeff-wang/WorkloadAnalysis/comparedDBs/pebblesdb/release/CMakeFiles/CMakeTmp'


File /home/jeff-wang/WorkloadAnalysis/comparedDBs/pebblesdb/release/CMakeFiles/CMakeTmp/CheckSymbolExists.c:
/* */
#include <unistd.h>

int main(int argc, char** argv)
{
  (void)argv;
#ifndef fdatasync
  return ((int*)(&fdatasync))[argc];
#else
  (void)argc;
  return 0;
#endif
}
Determining if the include file pthread.h exists passed with the following output:
Change Dir: /home/jeff-wang/WorkloadAnalysis/comparedDBs/pebblesdb/release/CMakeFiles/CMakeTmp

Run Build Command(s):/usr/bin/gmake -f Makefile cmTC_8def4/fast && /usr/bin/gmake  -f CMakeFiles/cmTC_8def4.dir/build.make CMakeFiles/cmTC_8def4.dir/build
gmake[1]: Entering directory '/home/jeff-wang/WorkloadAnalysis/comparedDBs/pebblesdb/release/CMakeFiles/CMakeTmp'
Building C object CMakeFiles/cmTC_8def4.dir/CheckIncludeFile.c.o
/usr/bin/cc    -o CMakeFiles/cmTC_8def4.dir/CheckIncludeFile.c.o -c /home/jeff-wang/WorkloadAnalysis/comparedDBs/pebblesdb/release/CMakeFiles/CMakeTmp/CheckIncludeFile.c
Linking C executable cmTC_8def4
/usr/bin/cmake -E cmake_link_script CMakeFiles/cmTC_8def4.dir/link.txt --verbose=1
/usr/bin/cc CMakeFiles/cmTC_8def4.dir/CheckIncludeFile.c.o -o cmTC_8def4 
gmake[1]: Leaving directory '/home/jeff-wang/WorkloadAnalysis/comparedDBs/pebblesdb/release/CMakeFiles/CMakeTmp'



Performing C SOURCE FILE Test CMAKE_HAVE_LIBC_PTHREAD succeeded with the following output:
Change Dir: /home/jeff-wang/WorkloadAnalysis/comparedDBs/pebblesdb/release/CMakeFiles/CMakeTmp

Run Build Command(s):/usr/bin/gmake -f Makefile cmTC_d0d04/fast && /usr/bin/gmake  -f CMakeFiles/cmTC_d0d04.dir/build.make CMakeFiles/cmTC_d0d04.dir/build
gmake[1]: Entering directory '/home/jeff-wang/WorkloadAnalysis/comparedDBs/pebblesdb/release/CMakeFiles/CMakeTmp'
Building C object CMakeFiles/cmTC_d0d04.dir/src.c.o
/usr/bin/cc -DCMAKE_HAVE_LIBC_PTHREAD   -o CMakeFiles/cmTC_d0d04.dir/src.c.o -c /home/jeff-wang/WorkloadAnalysis/comparedDBs/pebblesdb/release/CMakeFiles/CMakeTmp/src.c
Linking C executable cmTC_d0d04
/usr/bin/cmake -E cmake_link_script CMakeFiles/cmTC_d0d04.dir/link.txt --verbose=1
/usr/bin/cc CMakeFiles/cmTC_d0d04.dir/src.c.o -o cmTC_d0d04 
gmake[1]: Leaving directory '/home/jeff-wang/WorkloadAnalysis/comparedDBs/pebblesdb/release/CMakeFiles/CMakeTmp'


Source file was:
#include <pthread.h>

static void* test_func(void* data)
{
  return data;
}

int main(void)
{
  pthread_t thread;
  pthread_create(&thread, NULL, test_func, NULL);
  pthread_detach(thread);
  pthread_cancel(thread);
  pthread_join(thread, NULL);
  pthread_atfork(NULL, NULL, NULL);
  pthread_exit(NULL);

  return 0;
}

